2025-07-31T16:31:12.289-05:00  INFO 11432 --- [camunda-bpm-consultant-demo] [restartedMain] c.s.p.t.s.e.p.PruebatecnicaApplication   : Starting PruebatecnicaApplication using Java 22.0.1 with PID 11432 (C:\Users\Sebas\Desktop\aprender a programar en python\java\PruebaTecnicaSoftwareEvolutivo\pruebatecnica\target\classes started by Sebas in C:\Users\Sebas\Desktop\aprender a programar en python\java\PruebaTecnicaSoftwareEvolutivo\pruebatecnica)
2025-07-31T16:31:12.293-05:00  INFO 11432 --- [camunda-bpm-consultant-demo] [restartedMain] c.s.p.t.s.e.p.PruebatecnicaApplication   : The following 1 profile is active: "dev"
2025-07-31T16:31:12.773-05:00  INFO 11432 --- [camunda-bpm-consultant-demo] [restartedMain] .s.d.r.c.RepositoryConfigurationDelegate : Bootstrapping Spring Data JPA repositories in DEFAULT mode.
2025-07-31T16:31:12.800-05:00  INFO 11432 --- [camunda-bpm-consultant-demo] [restartedMain] .s.d.r.c.RepositoryConfigurationDelegate : Finished Spring Data repository scanning in 2 ms. Found 0 JPA repository interfaces.
2025-07-31T16:31:12.997-05:00  INFO 11432 --- [camunda-bpm-consultant-demo] [restartedMain] o.s.b.w.embedded.tomcat.TomcatWebServer  : Tomcat initialized with port 8080 (http)
2025-07-31T16:31:13.011-05:00  INFO 11432 --- [camunda-bpm-consultant-demo] [restartedMain] o.apache.catalina.core.StandardService   : Starting service [Tomcat]
2025-07-31T16:31:13.021-05:00  INFO 11432 --- [camunda-bpm-consultant-demo] [restartedMain] o.apache.catalina.core.StandardEngine    : Starting Servlet engine: [Apache Tomcat/10.1.43]
2025-07-31T16:31:13.103-05:00  INFO 11432 --- [camunda-bpm-consultant-demo] [restartedMain] o.a.c.c.C.[Tomcat].[localhost].[/]       : Initializing Spring embedded WebApplicationContext
2025-07-31T16:31:13.110-05:00  INFO 11432 --- [camunda-bpm-consultant-demo] [restartedMain] w.s.c.ServletWebServerApplicationContext : Root WebApplicationContext: initialization completed in 814 ms
2025-07-31T16:31:13.114-05:00  INFO 11432 --- [camunda-bpm-consultant-demo] [restartedMain] .c.b.s.b.s.r.CamundaJerseyResourceConfig : Configuring camunda rest api.
2025-07-31T16:31:13.202-05:00  INFO 11432 --- [camunda-bpm-consultant-demo] [restartedMain] .c.b.s.b.s.r.CamundaJerseyResourceConfig : Finished configuring camunda rest api.
2025-07-31T16:31:13.463-05:00  INFO 11432 --- [camunda-bpm-consultant-demo] [restartedMain] o.hibernate.jpa.internal.util.LogHelper  : HHH000204: Processing PersistenceUnitInfo [name: default]
2025-07-31T16:31:13.477-05:00  INFO 11432 --- [camunda-bpm-consultant-demo] [restartedMain] o.h.c.internal.RegionFactoryInitiator    : HHH000026: Second-level cache disabled
2025-07-31T16:31:13.489-05:00  INFO 11432 --- [camunda-bpm-consultant-demo] [restartedMain] o.s.o.j.p.SpringPersistenceUnitInfo      : No LoadTimeWeaver setup: ignoring JPA class transformer
2025-07-31T16:31:13.493-05:00  INFO 11432 --- [camunda-bpm-consultant-demo] [restartedMain] com.zaxxer.hikari.HikariDataSource       : HikariPool-2 - Starting...
2025-07-31T16:31:13.585-05:00  INFO 11432 --- [camunda-bpm-consultant-demo] [restartedMain] com.zaxxer.hikari.pool.HikariPool        : HikariPool-2 - Added connection conn10: url=jdbc:h2:file:./data/bpm-consultant-db user=SA
2025-07-31T16:31:13.602-05:00  INFO 11432 --- [camunda-bpm-consultant-demo] [restartedMain] com.zaxxer.hikari.HikariDataSource       : HikariPool-2 - Start completed.
2025-07-31T16:31:13.604-05:00  WARN 11432 --- [camunda-bpm-consultant-demo] [restartedMain] org.hibernate.orm.deprecation            : HHH90000025: H2Dialect does not need to be specified explicitly using 'hibernate.dialect' (remove the property setting and it will be selected by default)
2025-07-31T16:31:13.610-05:00  INFO 11432 --- [camunda-bpm-consultant-demo] [restartedMain] org.hibernate.orm.connections.pooling    : HHH10001005: Database info:
	Database JDBC URL [Connecting through datasource 'HikariDataSource (HikariPool-2)']
	Database driver: undefined/unknown
	Database version: 2.3.232
	Autocommit mode: undefined/unknown
	Isolation level: undefined/unknown
	Minimum pool size: undefined/unknown
	Maximum pool size: undefined/unknown
2025-07-31T16:31:13.661-05:00  INFO 11432 --- [camunda-bpm-consultant-demo] [restartedMain] o.h.e.t.j.p.i.JtaPlatformInitiator       : HHH000489: No JTA platform available (set 'hibernate.transaction.jta.platform' to enable JTA platform integration)
2025-07-31T16:31:13.724-05:00  INFO 11432 --- [camunda-bpm-consultant-demo] [restartedMain] j.LocalContainerEntityManagerFactoryBean : Initialized JPA EntityManagerFactory for persistence unit 'default'
2025-07-31T16:31:13.784-05:00  WARN 11432 --- [camunda-bpm-consultant-demo] [restartedMain] JpaBaseConfiguration$JpaWebConfiguration : spring.jpa.open-in-view is enabled by default. Therefore, database queries may be performed during view rendering. Explicitly configure spring.jpa.open-in-view to disable this warning
2025-07-31T16:31:13.804-05:00  INFO 11432 --- [camunda-bpm-consultant-demo] [restartedMain] org.camunda.bpm.spring.boot              : STARTER-SB040 Setting up jobExecutor with corePoolSize=3, maxPoolSize:10
2025-07-31T16:31:13.897-05:00  INFO 11432 --- [camunda-bpm-consultant-demo] [restartedMain] org.camunda.bpm.engine.cfg               : ENGINE-12003 Plugin 'CompositeProcessEnginePlugin[genericPropertiesConfiguration, camundaProcessEngineConfiguration, camundaDatasourceConfiguration, camundaJobConfiguration, camundaHistoryConfiguration, camundaMetricsConfiguration, camundaAuthorizationConfiguration, camundaDeploymentConfiguration, createAdminUserConfiguration, failedJobConfiguration, CreateFilterConfiguration[filterName=All tasks], eventPublisherPlugin, ApplicationContextClassloaderSwitchPlugin]' activated on process engine 'default'
2025-07-31T16:31:13.900-05:00  WARN 11432 --- [camunda-bpm-consultant-demo] [restartedMain] .s.c.i.DefaultProcessEngineConfiguration : Ignoring invalid processEngineName='purchase-request-engine' - must not be null, blank or contain hyphen
2025-07-31T16:31:14.571-05:00  INFO 11432 --- [camunda-bpm-consultant-demo] [restartedMain] org.camunda.bpm.spring.boot              : STARTER-SB021 Auto-Deploying resources: [file [C:\Users\Sebas\Desktop\aprender a programar en python\java\PruebaTecnicaSoftwareEvolutivo\pruebatecnica\target\classes\processes\procesobtp.bpmn], file [C:\Users\Sebas\Desktop\aprender a programar en python\java\PruebaTecnicaSoftwareEvolutivo\pruebatecnica\target\classes\processes\reglas.dmn]]
2025-07-31T16:31:14.572-05:00  INFO 11432 --- [camunda-bpm-consultant-demo] [restartedMain] o.c.b.s.b.s.event.EventPublisherPlugin   : EVENTING-001: Initialized Camunda Spring Boot Eventing Engine Plugin.
2025-07-31T16:31:14.572-05:00  INFO 11432 --- [camunda-bpm-consultant-demo] [restartedMain] o.c.b.s.b.s.event.EventPublisherPlugin   : EVENTING-003: Task events will be published as Spring Events.
2025-07-31T16:31:14.572-05:00  INFO 11432 --- [camunda-bpm-consultant-demo] [restartedMain] o.c.b.s.b.s.event.EventPublisherPlugin   : EVENTING-005: Execution events will be published as Spring Events.
2025-07-31T16:31:14.572-05:00  INFO 11432 --- [camunda-bpm-consultant-demo] [restartedMain] o.c.b.s.b.s.event.EventPublisherPlugin   : EVENTING-009: Listeners will not be invoked if a skipCustomListeners API parameter is set to true by user.
2025-07-31T16:31:14.572-05:00  INFO 11432 --- [camunda-bpm-consultant-demo] [restartedMain] o.c.b.s.b.s.event.EventPublisherPlugin   : EVENTING-007: History events will be published as Spring events.
2025-07-31T16:31:15.599-05:00  INFO 11432 --- [camunda-bpm-consultant-demo] [restartedMain] org.camunda.bpm.engine.persistence       : ENGINE-03016 Performing database operation 'create' on component 'engine' with resource 'org/camunda/bpm/engine/db/create/activiti.h2.create.engine.sql'
2025-07-31T16:31:15.631-05:00  INFO 11432 --- [camunda-bpm-consultant-demo] [restartedMain] org.camunda.bpm.engine.persistence       : ENGINE-03016 Performing database operation 'create' on component 'history' with resource 'org/camunda/bpm/engine/db/create/activiti.h2.create.history.sql'
2025-07-31T16:31:15.639-05:00  INFO 11432 --- [camunda-bpm-consultant-demo] [restartedMain] org.camunda.bpm.engine.persistence       : ENGINE-03016 Performing database operation 'create' on component 'identity' with resource 'org/camunda/bpm/engine/db/create/activiti.h2.create.identity.sql'
2025-07-31T16:31:15.656-05:00  INFO 11432 --- [camunda-bpm-consultant-demo] [restartedMain] org.camunda.bpm.engine.persistence       : ENGINE-03016 Performing database operation 'create' on component 'case.engine' with resource 'org/camunda/bpm/engine/db/create/activiti.h2.create.case.engine.sql'
2025-07-31T16:31:15.661-05:00  INFO 11432 --- [camunda-bpm-consultant-demo] [restartedMain] org.camunda.bpm.engine.persistence       : ENGINE-03016 Performing database operation 'create' on component 'case.history' with resource 'org/camunda/bpm/engine/db/create/activiti.h2.create.case.history.sql'
2025-07-31T16:31:15.664-05:00  INFO 11432 --- [camunda-bpm-consultant-demo] [restartedMain] org.camunda.bpm.engine.persistence       : ENGINE-03016 Performing database operation 'create' on component 'decision.engine' with resource 'org/camunda/bpm/engine/db/create/activiti.h2.create.decision.engine.sql'
2025-07-31T16:31:15.669-05:00  INFO 11432 --- [camunda-bpm-consultant-demo] [restartedMain] org.camunda.bpm.engine.persistence       : ENGINE-03016 Performing database operation 'create' on component 'decision.history' with resource 'org/camunda/bpm/engine/db/create/activiti.h2.create.decision.history.sql'
2025-07-31T16:31:15.680-05:00  INFO 11432 --- [camunda-bpm-consultant-demo] [restartedMain] org.camunda.bpm.engine.persistence       : ENGINE-03067 No history level property found in database
2025-07-31T16:31:15.686-05:00  INFO 11432 --- [camunda-bpm-consultant-demo] [restartedMain] org.camunda.bpm.engine.persistence       : ENGINE-03065 Creating historyLevel property in database for level: HistoryLevelFull(name=full, id=3)
2025-07-31T16:31:15.700-05:00  INFO 11432 --- [camunda-bpm-consultant-demo] [restartedMain] org.camunda.bpm.engine                   : ENGINE-00001 Process Engine default created.
2025-07-31T16:31:15.797-05:00  INFO 11432 --- [camunda-bpm-consultant-demo] [restartedMain] org.camunda.bpm.spring.boot              : STARTER-SB015 Create initial filter: id=b0523bc5-6e55-11f0-ab55-00155d30565f name=All tasks
2025-07-31T16:31:15.939-05:00  WARN 11432 --- [camunda-bpm-consultant-demo] [restartedMain] ion$DefaultTemplateResolverConfiguration : Cannot find template location: classpath:/templates/ (please add some templates, check your Thymeleaf configuration, or set spring.thymeleaf.check-template-location=false)
2025-07-31T16:31:15.951-05:00  INFO 11432 --- [camunda-bpm-consultant-demo] [restartedMain] o.c.b.s.b.s.w.f.LazyInitRegistration     : lazy initialized org.camunda.bpm.spring.boot.starter.webapp.filter.LazyProcessEnginesFilter@741e6766
2025-07-31T16:31:15.966-05:00  INFO 11432 --- [camunda-bpm-consultant-demo] [restartedMain] o.c.b.s.b.s.w.f.LazyInitRegistration     : lazy initialized org.camunda.bpm.spring.boot.starter.webapp.filter.LazySecurityFilter@4ab8ab53
2025-07-31T16:31:16.105-05:00  INFO 11432 --- [camunda-bpm-consultant-demo] [restartedMain] o.s.b.a.h2.H2ConsoleAutoConfiguration    : H2 console available at '/h2-console'. Database available at 'jdbc:h2:file:./data/bpm-consultant-db'
2025-07-31T16:31:16.112-05:00  INFO 11432 --- [camunda-bpm-consultant-demo] [restartedMain] o.s.b.d.a.OptionalLiveReloadServer       : LiveReload server is running on port 35729
2025-07-31T16:31:16.117-05:00  INFO 11432 --- [camunda-bpm-consultant-demo] [restartedMain] o.s.b.a.e.web.EndpointLinksResolver      : Exposing 5 endpoints beneath base path '/actuator'
2025-07-31T16:31:16.151-05:00  INFO 11432 --- [camunda-bpm-consultant-demo] [restartedMain] o.s.b.w.embedded.tomcat.TomcatWebServer  : Tomcat started on port 8080 (http) with context path '/'
2025-07-31T16:31:16.159-05:00  INFO 11432 --- [camunda-bpm-consultant-demo] [restartedMain] c.s.p.t.s.e.p.PruebatecnicaApplication   : Started PruebatecnicaApplication in 3.953 seconds (process running for 1294.258)
2025-07-31T16:31:16.163-05:00  INFO 11432 --- [camunda-bpm-consultant-demo] [restartedMain] org.camunda.bpm.engine.jobexecutor       : ENGINE-14014 Starting up the JobExecutor[org.camunda.bpm.engine.spring.components.jobexecutor.SpringJobExecutor].
2025-07-31T16:31:16.173-05:00  INFO 11432 --- [camunda-bpm-consultant-demo] [JobExecutor[org.camunda.bpm.engine.spring.components.jobexecutor.SpringJobExecutor]] org.camunda.bpm.engine.jobexecutor       : ENGINE-14018 JobExecutor[org.camunda.bpm.engine.spring.components.jobexecutor.SpringJobExecutor] starting to acquire jobs
2025-07-31T16:41:32.706-05:00  INFO 15412 --- [camunda-bpm-consultant-demo] [restartedMain] c.s.p.t.s.e.p.PruebatecnicaApplication   : Starting PruebatecnicaApplication using Java 22.0.1 with PID 15412 (C:\Users\Sebas\Desktop\aprender a programar en python\java\PruebaTecnicaSoftwareEvolutivo\pruebatecnica\target\classes started by Sebas in C:\Users\Sebas\Desktop\aprender a programar en python\java\PruebaTecnicaSoftwareEvolutivo\pruebatecnica)
2025-07-31T16:41:32.709-05:00  INFO 15412 --- [camunda-bpm-consultant-demo] [restartedMain] c.s.p.t.s.e.p.PruebatecnicaApplication   : The following 1 profile is active: "dev"
2025-07-31T16:41:32.779-05:00  INFO 15412 --- [camunda-bpm-consultant-demo] [restartedMain] o.s.b.devtools.restart.ChangeableUrls    : The Class-Path manifest attribute in C:\Users\Sebas\.m2\repository\com\sun\xml\bind\jaxb-impl\4.0.5\jaxb-impl-4.0.5.jar referenced one or more files that do not exist: file:/C:/Users/Sebas/.m2/repository/com/sun/xml/bind/jaxb-impl/4.0.5/jaxb-core.jar,file:/C:/Users/Sebas/.m2/repository/com/sun/xml/bind/jaxb-impl/4.0.5/angus-activation.jar
2025-07-31T16:41:32.784-05:00  INFO 15412 --- [camunda-bpm-consultant-demo] [restartedMain] o.s.b.devtools.restart.ChangeableUrls    : The Class-Path manifest attribute in C:\Users\Sebas\.m2\repository\com\sun\xml\bind\jaxb-core\4.0.5\jaxb-core-4.0.5.jar referenced one or more files that do not exist: file:/C:/Users/Sebas/.m2/repository/com/sun/xml/bind/jaxb-core/4.0.5/jakarta.activation-api.jar,file:/C:/Users/Sebas/.m2/repository/com/sun/xml/bind/jaxb-core/4.0.5/jakarta.xml.bind-api.jar
2025-07-31T16:41:32.785-05:00  INFO 15412 --- [camunda-bpm-consultant-demo] [restartedMain] o.s.b.devtools.restart.ChangeableUrls    : The Class-Path manifest attribute in C:\Users\Sebas\.m2\repository\org\glassfish\hk2\hk2\3.0.6\hk2-3.0.6.jar referenced one or more files that do not exist: file:/C:/Users/Sebas/.m2/repository/org/glassfish/hk2/hk2/3.0.6/hk2-utils.jar,file:/C:/Users/Sebas/.m2/repository/org/glassfish/hk2/hk2/3.0.6/jakarta.annotation-api.jar,file:/C:/Users/Sebas/.m2/repository/org/glassfish/hk2/hk2/3.0.6/jakarta.inject-api.jar,file:/C:/Users/Sebas/.m2/repository/org/glassfish/hk2/hk2/3.0.6/hk2-api.jar,file:/C:/Users/Sebas/.m2/repository/org/glassfish/hk2/hk2/3.0.6/aopalliance-repackaged.jar,file:/C:/Users/Sebas/.m2/repository/org/glassfish/hk2/hk2/3.0.6/hk2-core.jar,file:/C:/Users/Sebas/.m2/repository/org/glassfish/hk2/hk2/3.0.6/hk2-locator.jar,file:/C:/Users/Sebas/.m2/repository/org/glassfish/hk2/hk2/3.0.6/javassist.jar,file:/C:/Users/Sebas/.m2/repository/org/glassfish/hk2/hk2/3.0.6/hk2-runlevel.jar,file:/C:/Users/Sebas/.m2/repository/org/glassfish/hk2/hk2/3.0.6/class-model.jar,file:/C:/Users/Sebas/.m2/repository/org/glassfish/hk2/hk2/3.0.6/asm.jar,file:/C:/Users/Sebas/.m2/repository/org/glassfish/hk2/hk2/3.0.6/asm-analysis.jar,file:/C:/Users/Sebas/.m2/repository/org/glassfish/hk2/hk2/3.0.6/asm-commons.jar,file:/C:/Users/Sebas/.m2/repository/org/glassfish/hk2/hk2/3.0.6/asm-tree.jar,file:/C:/Users/Sebas/.m2/repository/org/glassfish/hk2/hk2/3.0.6/asm-util.jar
2025-07-31T16:41:32.787-05:00  INFO 15412 --- [camunda-bpm-consultant-demo] [restartedMain] .e.DevToolsPropertyDefaultsPostProcessor : Devtools property defaults active! Set 'spring.devtools.add-properties' to 'false' to disable
2025-07-31T16:41:32.789-05:00  INFO 15412 --- [camunda-bpm-consultant-demo] [restartedMain] .e.DevToolsPropertyDefaultsPostProcessor : For additional web related logging consider setting the 'logging.level.web' property to 'DEBUG'
2025-07-31T16:41:34.232-05:00  INFO 15412 --- [camunda-bpm-consultant-demo] [restartedMain] .s.d.r.c.RepositoryConfigurationDelegate : Bootstrapping Spring Data JPA repositories in DEFAULT mode.
2025-07-31T16:41:34.262-05:00  INFO 15412 --- [camunda-bpm-consultant-demo] [restartedMain] .s.d.r.c.RepositoryConfigurationDelegate : Finished Spring Data repository scanning in 15 ms. Found 0 JPA repository interfaces.
2025-07-31T16:41:34.974-05:00  INFO 15412 --- [camunda-bpm-consultant-demo] [restartedMain] o.s.b.w.embedded.tomcat.TomcatWebServer  : Tomcat initialized with port 8080 (http)
2025-07-31T16:41:34.992-05:00  INFO 15412 --- [camunda-bpm-consultant-demo] [restartedMain] o.apache.catalina.core.StandardService   : Starting service [Tomcat]
2025-07-31T16:41:34.993-05:00  INFO 15412 --- [camunda-bpm-consultant-demo] [restartedMain] o.apache.catalina.core.StandardEngine    : Starting Servlet engine: [Apache Tomcat/10.1.43]
2025-07-31T16:41:35.094-05:00  INFO 15412 --- [camunda-bpm-consultant-demo] [restartedMain] o.a.c.c.C.[Tomcat].[localhost].[/]       : Initializing Spring embedded WebApplicationContext
2025-07-31T16:41:35.094-05:00  INFO 15412 --- [camunda-bpm-consultant-demo] [restartedMain] w.s.c.ServletWebServerApplicationContext : Root WebApplicationContext: initialization completed in 2304 ms
2025-07-31T16:41:35.120-05:00  INFO 15412 --- [camunda-bpm-consultant-demo] [restartedMain] .c.b.s.b.s.r.CamundaJerseyResourceConfig : Configuring camunda rest api.
2025-07-31T16:41:35.146-05:00  INFO 15412 --- [camunda-bpm-consultant-demo] [restartedMain] .c.b.s.b.s.r.CamundaJerseyResourceConfig : Finished configuring camunda rest api.
2025-07-31T16:41:35.661-05:00  INFO 15412 --- [camunda-bpm-consultant-demo] [restartedMain] o.hibernate.jpa.internal.util.LogHelper  : HHH000204: Processing PersistenceUnitInfo [name: default]
2025-07-31T16:41:35.724-05:00  INFO 15412 --- [camunda-bpm-consultant-demo] [restartedMain] org.hibernate.Version                    : HHH000412: Hibernate ORM core version 6.6.22.Final
2025-07-31T16:41:35.875-05:00  INFO 15412 --- [camunda-bpm-consultant-demo] [restartedMain] o.h.c.internal.RegionFactoryInitiator    : HHH000026: Second-level cache disabled
2025-07-31T16:41:36.156-05:00  INFO 15412 --- [camunda-bpm-consultant-demo] [restartedMain] o.s.o.j.p.SpringPersistenceUnitInfo      : No LoadTimeWeaver setup: ignoring JPA class transformer
2025-07-31T16:41:36.189-05:00  INFO 15412 --- [camunda-bpm-consultant-demo] [restartedMain] com.zaxxer.hikari.HikariDataSource       : HikariPool-1 - Starting...
2025-07-31T16:41:36.540-05:00  INFO 15412 --- [camunda-bpm-consultant-demo] [restartedMain] com.zaxxer.hikari.pool.HikariPool        : HikariPool-1 - Added connection conn0: url=jdbc:h2:file:./data/bpm-consultant-db user=SA
2025-07-31T16:41:36.543-05:00  INFO 15412 --- [camunda-bpm-consultant-demo] [restartedMain] com.zaxxer.hikari.HikariDataSource       : HikariPool-1 - Start completed.
2025-07-31T16:41:36.569-05:00  WARN 15412 --- [camunda-bpm-consultant-demo] [restartedMain] org.hibernate.orm.deprecation            : HHH90000025: H2Dialect does not need to be specified explicitly using 'hibernate.dialect' (remove the property setting and it will be selected by default)
2025-07-31T16:41:36.593-05:00  INFO 15412 --- [camunda-bpm-consultant-demo] [restartedMain] org.hibernate.orm.connections.pooling    : HHH10001005: Database info:
	Database JDBC URL [Connecting through datasource 'HikariDataSource (HikariPool-1)']
	Database driver: undefined/unknown
	Database version: 2.3.232
	Autocommit mode: undefined/unknown
	Isolation level: undefined/unknown
	Minimum pool size: undefined/unknown
	Maximum pool size: undefined/unknown
2025-07-31T16:41:36.931-05:00  INFO 15412 --- [camunda-bpm-consultant-demo] [restartedMain] o.h.e.t.j.p.i.JtaPlatformInitiator       : HHH000489: No JTA platform available (set 'hibernate.transaction.jta.platform' to enable JTA platform integration)
2025-07-31T16:41:36.938-05:00  INFO 15412 --- [camunda-bpm-consultant-demo] [restartedMain] j.LocalContainerEntityManagerFactoryBean : Initialized JPA EntityManagerFactory for persistence unit 'default'
2025-07-31T16:41:37.013-05:00  WARN 15412 --- [camunda-bpm-consultant-demo] [restartedMain] JpaBaseConfiguration$JpaWebConfiguration : spring.jpa.open-in-view is enabled by default. Therefore, database queries may be performed during view rendering. Explicitly configure spring.jpa.open-in-view to disable this warning
2025-07-31T16:41:37.060-05:00  INFO 15412 --- [camunda-bpm-consultant-demo] [restartedMain] org.camunda.bpm.spring.boot              : STARTER-SB040 Setting up jobExecutor with corePoolSize=3, maxPoolSize:10
2025-07-31T16:41:37.181-05:00  INFO 15412 --- [camunda-bpm-consultant-demo] [restartedMain] org.camunda.bpm.engine.cfg               : ENGINE-12003 Plugin 'CompositeProcessEnginePlugin[genericPropertiesConfiguration, camundaProcessEngineConfiguration, camundaDatasourceConfiguration, camundaJobConfiguration, camundaHistoryConfiguration, camundaMetricsConfiguration, camundaAuthorizationConfiguration, camundaDeploymentConfiguration, createAdminUserConfiguration, failedJobConfiguration, CreateFilterConfiguration[filterName=All tasks], eventPublisherPlugin, ApplicationContextClassloaderSwitchPlugin]' activated on process engine 'default'
2025-07-31T16:41:37.183-05:00  WARN 15412 --- [camunda-bpm-consultant-demo] [restartedMain] .s.c.i.DefaultProcessEngineConfiguration : Ignoring invalid processEngineName='purchase-request-engine' - must not be null, blank or contain hyphen
2025-07-31T16:41:38.138-05:00  INFO 15412 --- [camunda-bpm-consultant-demo] [restartedMain] org.camunda.bpm.spring.boot              : STARTER-SB021 Auto-Deploying resources: [file [C:\Users\Sebas\Desktop\aprender a programar en python\java\PruebaTecnicaSoftwareEvolutivo\pruebatecnica\target\classes\processes\procesobtp.bpmn], file [C:\Users\Sebas\Desktop\aprender a programar en python\java\PruebaTecnicaSoftwareEvolutivo\pruebatecnica\target\classes\processes\reglas.dmn]]
2025-07-31T16:41:38.143-05:00  INFO 15412 --- [camunda-bpm-consultant-demo] [restartedMain] o.c.b.s.b.s.event.EventPublisherPlugin   : EVENTING-001: Initialized Camunda Spring Boot Eventing Engine Plugin.
2025-07-31T16:41:38.163-05:00  INFO 15412 --- [camunda-bpm-consultant-demo] [restartedMain] o.c.b.s.b.s.event.EventPublisherPlugin   : EVENTING-003: Task events will be published as Spring Events.
2025-07-31T16:41:38.164-05:00  INFO 15412 --- [camunda-bpm-consultant-demo] [restartedMain] o.c.b.s.b.s.event.EventPublisherPlugin   : EVENTING-005: Execution events will be published as Spring Events.
2025-07-31T16:41:38.164-05:00  INFO 15412 --- [camunda-bpm-consultant-demo] [restartedMain] o.c.b.s.b.s.event.EventPublisherPlugin   : EVENTING-009: Listeners will not be invoked if a skipCustomListeners API parameter is set to true by user.
2025-07-31T16:41:38.172-05:00  INFO 15412 --- [camunda-bpm-consultant-demo] [restartedMain] o.c.b.s.b.s.event.EventPublisherPlugin   : EVENTING-007: History events will be published as Spring events.
2025-07-31T16:41:40.337-05:00  INFO 15412 --- [camunda-bpm-consultant-demo] [restartedMain] org.camunda.bpm.engine                   : ENGINE-00001 Process Engine default created.
2025-07-31T16:41:40.384-05:00  INFO 15412 --- [camunda-bpm-consultant-demo] [restartedMain] org.camunda.bpm.spring.boot              : STARTER-SB016 Skip initial filter creation, the filter with this name already exists: All tasks
2025-07-31T16:41:40.720-05:00  WARN 15412 --- [camunda-bpm-consultant-demo] [restartedMain] ion$DefaultTemplateResolverConfiguration : Cannot find template location: classpath:/templates/ (please add some templates, check your Thymeleaf configuration, or set spring.thymeleaf.check-template-location=false)
2025-07-31T16:41:40.821-05:00  INFO 15412 --- [camunda-bpm-consultant-demo] [restartedMain] o.c.b.s.b.s.w.f.LazyInitRegistration     : lazy initialized org.camunda.bpm.spring.boot.starter.webapp.filter.LazySecurityFilter@583f1b9b
2025-07-31T16:41:40.823-05:00  INFO 15412 --- [camunda-bpm-consultant-demo] [restartedMain] o.c.b.s.b.s.w.f.LazyInitRegistration     : lazy initialized org.camunda.bpm.spring.boot.starter.webapp.filter.LazyProcessEnginesFilter@3ae064cf
2025-07-31T16:41:41.167-05:00  INFO 15412 --- [camunda-bpm-consultant-demo] [restartedMain] o.s.b.a.h2.H2ConsoleAutoConfiguration    : H2 console available at '/h2-console'. Database available at 'jdbc:h2:file:./data/bpm-consultant-db'
2025-07-31T16:41:41.231-05:00  INFO 15412 --- [camunda-bpm-consultant-demo] [restartedMain] o.s.b.d.a.OptionalLiveReloadServer       : LiveReload server is running on port 35729
2025-07-31T16:41:41.276-05:00  INFO 15412 --- [camunda-bpm-consultant-demo] [restartedMain] o.s.b.a.e.web.EndpointLinksResolver      : Exposing 5 endpoints beneath base path '/actuator'
2025-07-31T16:41:41.352-05:00  INFO 15412 --- [camunda-bpm-consultant-demo] [RMI TCP Connection(2)-127.0.0.1] o.a.c.c.C.[Tomcat].[localhost].[/]       : Initializing Spring DispatcherServlet 'dispatcherServlet'
2025-07-31T16:41:41.364-05:00  INFO 15412 --- [camunda-bpm-consultant-demo] [RMI TCP Connection(2)-127.0.0.1] o.s.web.servlet.DispatcherServlet        : Initializing Servlet 'dispatcherServlet'
2025-07-31T16:41:41.367-05:00  INFO 15412 --- [camunda-bpm-consultant-demo] [RMI TCP Connection(2)-127.0.0.1] o.s.web.servlet.DispatcherServlet        : Completed initialization in 2 ms
2025-07-31T16:41:41.762-05:00  INFO 15412 --- [camunda-bpm-consultant-demo] [restartedMain] o.s.b.w.embedded.tomcat.TomcatWebServer  : Tomcat started on port 8080 (http) with context path '/'
2025-07-31T16:41:41.881-05:00  INFO 15412 --- [camunda-bpm-consultant-demo] [restartedMain] c.s.p.t.s.e.p.PruebatecnicaApplication   : Started PruebatecnicaApplication in 9.734 seconds (process running for 10.598)
2025-07-31T16:41:41.973-05:00  INFO 15412 --- [camunda-bpm-consultant-demo] [restartedMain] org.camunda.bpm.engine.jobexecutor       : ENGINE-14014 Starting up the JobExecutor[org.camunda.bpm.engine.spring.components.jobexecutor.SpringJobExecutor].
2025-07-31T16:41:42.116-05:00  INFO 15412 --- [camunda-bpm-consultant-demo] [JobExecutor[org.camunda.bpm.engine.spring.components.jobexecutor.SpringJobExecutor]] org.camunda.bpm.engine.jobexecutor       : ENGINE-14018 JobExecutor[org.camunda.bpm.engine.spring.components.jobexecutor.SpringJobExecutor] starting to acquire jobs
2025-07-31T20:39:29.940-05:00  INFO 12624 --- [camunda-bpm-consultant-demo] [restartedMain] c.s.p.t.s.e.p.PruebatecnicaApplication   : Starting PruebatecnicaApplication using Java 22.0.1 with PID 12624 (C:\Users\Sebas\Desktop\aprender a programar en python\java\PruebaTecnicaSoftwareEvolutivo\pruebatecnica\target\classes started by Sebas in C:\Users\Sebas\Desktop\aprender a programar en python\java\PruebaTecnicaSoftwareEvolutivo\pruebatecnica)
2025-07-31T20:39:29.945-05:00  INFO 12624 --- [camunda-bpm-consultant-demo] [restartedMain] c.s.p.t.s.e.p.PruebatecnicaApplication   : The following 1 profile is active: "dev"
2025-07-31T20:39:30.018-05:00  INFO 12624 --- [camunda-bpm-consultant-demo] [restartedMain] o.s.b.devtools.restart.ChangeableUrls    : The Class-Path manifest attribute in C:\Users\Sebas\.m2\repository\com\sun\xml\bind\jaxb-impl\4.0.5\jaxb-impl-4.0.5.jar referenced one or more files that do not exist: file:/C:/Users/Sebas/.m2/repository/com/sun/xml/bind/jaxb-impl/4.0.5/jaxb-core.jar,file:/C:/Users/Sebas/.m2/repository/com/sun/xml/bind/jaxb-impl/4.0.5/angus-activation.jar
2025-07-31T20:39:30.019-05:00  INFO 12624 --- [camunda-bpm-consultant-demo] [restartedMain] o.s.b.devtools.restart.ChangeableUrls    : The Class-Path manifest attribute in C:\Users\Sebas\.m2\repository\com\sun\xml\bind\jaxb-core\4.0.5\jaxb-core-4.0.5.jar referenced one or more files that do not exist: file:/C:/Users/Sebas/.m2/repository/com/sun/xml/bind/jaxb-core/4.0.5/jakarta.activation-api.jar,file:/C:/Users/Sebas/.m2/repository/com/sun/xml/bind/jaxb-core/4.0.5/jakarta.xml.bind-api.jar
2025-07-31T20:39:30.020-05:00  INFO 12624 --- [camunda-bpm-consultant-demo] [restartedMain] o.s.b.devtools.restart.ChangeableUrls    : The Class-Path manifest attribute in C:\Users\Sebas\.m2\repository\org\glassfish\hk2\hk2\3.0.6\hk2-3.0.6.jar referenced one or more files that do not exist: file:/C:/Users/Sebas/.m2/repository/org/glassfish/hk2/hk2/3.0.6/hk2-utils.jar,file:/C:/Users/Sebas/.m2/repository/org/glassfish/hk2/hk2/3.0.6/jakarta.annotation-api.jar,file:/C:/Users/Sebas/.m2/repository/org/glassfish/hk2/hk2/3.0.6/jakarta.inject-api.jar,file:/C:/Users/Sebas/.m2/repository/org/glassfish/hk2/hk2/3.0.6/hk2-api.jar,file:/C:/Users/Sebas/.m2/repository/org/glassfish/hk2/hk2/3.0.6/aopalliance-repackaged.jar,file:/C:/Users/Sebas/.m2/repository/org/glassfish/hk2/hk2/3.0.6/hk2-core.jar,file:/C:/Users/Sebas/.m2/repository/org/glassfish/hk2/hk2/3.0.6/hk2-locator.jar,file:/C:/Users/Sebas/.m2/repository/org/glassfish/hk2/hk2/3.0.6/javassist.jar,file:/C:/Users/Sebas/.m2/repository/org/glassfish/hk2/hk2/3.0.6/hk2-runlevel.jar,file:/C:/Users/Sebas/.m2/repository/org/glassfish/hk2/hk2/3.0.6/class-model.jar,file:/C:/Users/Sebas/.m2/repository/org/glassfish/hk2/hk2/3.0.6/asm.jar,file:/C:/Users/Sebas/.m2/repository/org/glassfish/hk2/hk2/3.0.6/asm-analysis.jar,file:/C:/Users/Sebas/.m2/repository/org/glassfish/hk2/hk2/3.0.6/asm-commons.jar,file:/C:/Users/Sebas/.m2/repository/org/glassfish/hk2/hk2/3.0.6/asm-tree.jar,file:/C:/Users/Sebas/.m2/repository/org/glassfish/hk2/hk2/3.0.6/asm-util.jar
2025-07-31T20:39:30.022-05:00  INFO 12624 --- [camunda-bpm-consultant-demo] [restartedMain] .e.DevToolsPropertyDefaultsPostProcessor : Devtools property defaults active! Set 'spring.devtools.add-properties' to 'false' to disable
2025-07-31T20:39:30.022-05:00  INFO 12624 --- [camunda-bpm-consultant-demo] [restartedMain] .e.DevToolsPropertyDefaultsPostProcessor : For additional web related logging consider setting the 'logging.level.web' property to 'DEBUG'
2025-07-31T20:39:32.024-05:00  INFO 12624 --- [camunda-bpm-consultant-demo] [restartedMain] .s.d.r.c.RepositoryConfigurationDelegate : Bootstrapping Spring Data JPA repositories in DEFAULT mode.
2025-07-31T20:39:32.090-05:00  INFO 12624 --- [camunda-bpm-consultant-demo] [restartedMain] .s.d.r.c.RepositoryConfigurationDelegate : Finished Spring Data repository scanning in 55 ms. Found 1 JPA repository interface.
2025-07-31T20:39:32.923-05:00  INFO 12624 --- [camunda-bpm-consultant-demo] [restartedMain] o.s.b.w.embedded.tomcat.TomcatWebServer  : Tomcat initialized with port 8080 (http)
2025-07-31T20:39:32.941-05:00  INFO 12624 --- [camunda-bpm-consultant-demo] [restartedMain] o.apache.catalina.core.StandardService   : Starting service [Tomcat]
2025-07-31T20:39:32.942-05:00  INFO 12624 --- [camunda-bpm-consultant-demo] [restartedMain] o.apache.catalina.core.StandardEngine    : Starting Servlet engine: [Apache Tomcat/10.1.43]
2025-07-31T20:39:33.016-05:00  INFO 12624 --- [camunda-bpm-consultant-demo] [restartedMain] o.a.c.c.C.[Tomcat].[localhost].[/]       : Initializing Spring embedded WebApplicationContext
2025-07-31T20:39:33.017-05:00  INFO 12624 --- [camunda-bpm-consultant-demo] [restartedMain] w.s.c.ServletWebServerApplicationContext : Root WebApplicationContext: initialization completed in 2994 ms
2025-07-31T20:39:33.042-05:00  INFO 12624 --- [camunda-bpm-consultant-demo] [restartedMain] .c.b.s.b.s.r.CamundaJerseyResourceConfig : Configuring camunda rest api.
2025-07-31T20:39:33.072-05:00  INFO 12624 --- [camunda-bpm-consultant-demo] [restartedMain] .c.b.s.b.s.r.CamundaJerseyResourceConfig : Finished configuring camunda rest api.
2025-07-31T20:39:33.566-05:00  INFO 12624 --- [camunda-bpm-consultant-demo] [restartedMain] o.hibernate.jpa.internal.util.LogHelper  : HHH000204: Processing PersistenceUnitInfo [name: default]
2025-07-31T20:39:33.656-05:00  INFO 12624 --- [camunda-bpm-consultant-demo] [restartedMain] org.hibernate.Version                    : HHH000412: Hibernate ORM core version 6.6.22.Final
2025-07-31T20:39:33.707-05:00  INFO 12624 --- [camunda-bpm-consultant-demo] [restartedMain] o.h.c.internal.RegionFactoryInitiator    : HHH000026: Second-level cache disabled
2025-07-31T20:39:34.057-05:00  INFO 12624 --- [camunda-bpm-consultant-demo] [restartedMain] o.s.o.j.p.SpringPersistenceUnitInfo      : No LoadTimeWeaver setup: ignoring JPA class transformer
2025-07-31T20:39:34.097-05:00  INFO 12624 --- [camunda-bpm-consultant-demo] [restartedMain] com.zaxxer.hikari.HikariDataSource       : HikariPool-1 - Starting...
2025-07-31T20:39:34.475-05:00  INFO 12624 --- [camunda-bpm-consultant-demo] [restartedMain] com.zaxxer.hikari.pool.HikariPool        : HikariPool-1 - Added connection conn0: url=jdbc:h2:file:./data/bpm-consultant-db user=SA
2025-07-31T20:39:34.479-05:00  INFO 12624 --- [camunda-bpm-consultant-demo] [restartedMain] com.zaxxer.hikari.HikariDataSource       : HikariPool-1 - Start completed.
2025-07-31T20:39:34.514-05:00  WARN 12624 --- [camunda-bpm-consultant-demo] [restartedMain] org.hibernate.orm.deprecation            : HHH90000025: H2Dialect does not need to be specified explicitly using 'hibernate.dialect' (remove the property setting and it will be selected by default)
2025-07-31T20:39:34.545-05:00  INFO 12624 --- [camunda-bpm-consultant-demo] [restartedMain] org.hibernate.orm.connections.pooling    : HHH10001005: Database info:
	Database JDBC URL [Connecting through datasource 'HikariDataSource (HikariPool-1)']
	Database driver: undefined/unknown
	Database version: 2.3.232
	Autocommit mode: undefined/unknown
	Isolation level: undefined/unknown
	Minimum pool size: undefined/unknown
	Maximum pool size: undefined/unknown
2025-07-31T20:39:35.607-05:00  INFO 12624 --- [camunda-bpm-consultant-demo] [restartedMain] o.h.e.t.j.p.i.JtaPlatformInitiator       : HHH000489: No JTA platform available (set 'hibernate.transaction.jta.platform' to enable JTA platform integration)
2025-07-31T20:39:35.686-05:00  INFO 12624 --- [camunda-bpm-consultant-demo] [restartedMain] j.LocalContainerEntityManagerFactoryBean : Initialized JPA EntityManagerFactory for persistence unit 'default'
2025-07-31T20:39:35.937-05:00  INFO 12624 --- [camunda-bpm-consultant-demo] [restartedMain] o.s.d.j.r.query.QueryEnhancerFactory     : Hibernate is in classpath; If applicable, HQL parser will be used.
2025-07-31T20:39:37.122-05:00  INFO 12624 --- [camunda-bpm-consultant-demo] [restartedMain] org.camunda.bpm.spring.boot              : STARTER-SB040 Setting up jobExecutor with corePoolSize=3, maxPoolSize:10
2025-07-31T20:39:37.219-05:00  INFO 12624 --- [camunda-bpm-consultant-demo] [restartedMain] org.camunda.bpm.engine.cfg               : ENGINE-12003 Plugin 'CompositeProcessEnginePlugin[genericPropertiesConfiguration, camundaProcessEngineConfiguration, camundaDatasourceConfiguration, camundaJobConfiguration, camundaHistoryConfiguration, camundaMetricsConfiguration, camundaAuthorizationConfiguration, createAdminUserConfiguration, failedJobConfiguration, CreateFilterConfiguration[filterName=All tasks], disableDeploymentResourcePattern, eventPublisherPlugin, ApplicationContextClassloaderSwitchPlugin]' activated on process engine 'default'
2025-07-31T20:39:37.220-05:00  WARN 12624 --- [camunda-bpm-consultant-demo] [restartedMain] .s.c.i.DefaultProcessEngineConfiguration : Ignoring invalid processEngineName='purchase-request-engine' - must not be null, blank or contain hyphen
2025-07-31T20:39:37.225-05:00  INFO 12624 --- [camunda-bpm-consultant-demo] [restartedMain] org.camunda.bpm.spring.boot              : STARTER-SB020 ProcessApplication enabled: autoDeployment via springConfiguration#deploymentResourcePattern is disabled
2025-07-31T20:39:37.228-05:00  INFO 12624 --- [camunda-bpm-consultant-demo] [restartedMain] o.c.b.s.b.s.event.EventPublisherPlugin   : EVENTING-001: Initialized Camunda Spring Boot Eventing Engine Plugin.
2025-07-31T20:39:37.228-05:00  INFO 12624 --- [camunda-bpm-consultant-demo] [restartedMain] o.c.b.s.b.s.event.EventPublisherPlugin   : EVENTING-003: Task events will be published as Spring Events.
2025-07-31T20:39:37.228-05:00  INFO 12624 --- [camunda-bpm-consultant-demo] [restartedMain] o.c.b.s.b.s.event.EventPublisherPlugin   : EVENTING-005: Execution events will be published as Spring Events.
2025-07-31T20:39:37.228-05:00  INFO 12624 --- [camunda-bpm-consultant-demo] [restartedMain] o.c.b.s.b.s.event.EventPublisherPlugin   : EVENTING-009: Listeners will not be invoked if a skipCustomListeners API parameter is set to true by user.
2025-07-31T20:39:37.235-05:00  INFO 12624 --- [camunda-bpm-consultant-demo] [restartedMain] o.c.b.s.b.s.event.EventPublisherPlugin   : EVENTING-007: History events will be published as Spring events.
2025-07-31T20:39:39.585-05:00  INFO 12624 --- [camunda-bpm-consultant-demo] [restartedMain] org.camunda.bpm.engine                   : ENGINE-00001 Process Engine default created.
2025-07-31T20:39:39.642-05:00  INFO 12624 --- [camunda-bpm-consultant-demo] [restartedMain] org.camunda.bpm.spring.boot              : STARTER-SB016 Skip initial filter creation, the filter with this name already exists: All tasks
2025-07-31T20:39:39.738-05:00  WARN 12624 --- [camunda-bpm-consultant-demo] [restartedMain] JpaBaseConfiguration$JpaWebConfiguration : spring.jpa.open-in-view is enabled by default. Therefore, database queries may be performed during view rendering. Explicitly configure spring.jpa.open-in-view to disable this warning
2025-07-31T20:39:40.029-05:00  WARN 12624 --- [camunda-bpm-consultant-demo] [restartedMain] ion$DefaultTemplateResolverConfiguration : Cannot find template location: classpath:/templates/ (please add some templates, check your Thymeleaf configuration, or set spring.thymeleaf.check-template-location=false)
2025-07-31T20:39:40.060-05:00  INFO 12624 --- [camunda-bpm-consultant-demo] [restartedMain] o.c.b.s.b.s.w.f.LazyInitRegistration     : lazy initialized org.camunda.bpm.spring.boot.starter.webapp.filter.LazyProcessEnginesFilter@61cca0a7
2025-07-31T20:39:40.129-05:00  INFO 12624 --- [camunda-bpm-consultant-demo] [restartedMain] o.c.b.s.b.s.w.f.LazyInitRegistration     : lazy initialized org.camunda.bpm.spring.boot.starter.webapp.filter.LazySecurityFilter@128d0183
2025-07-31T20:39:40.403-05:00  INFO 12624 --- [camunda-bpm-consultant-demo] [restartedMain] o.s.b.a.h2.H2ConsoleAutoConfiguration    : H2 console available at '/h2-console'. Database available at 'jdbc:h2:file:./data/bpm-consultant-db'
2025-07-31T20:39:40.487-05:00  INFO 12624 --- [camunda-bpm-consultant-demo] [restartedMain] o.s.b.d.a.OptionalLiveReloadServer       : LiveReload server is running on port 35729
2025-07-31T20:39:40.501-05:00  INFO 12624 --- [camunda-bpm-consultant-demo] [restartedMain] o.s.b.a.e.web.EndpointLinksResolver      : Exposing 5 endpoints beneath base path '/actuator'
2025-07-31T20:39:40.671-05:00  INFO 12624 --- [camunda-bpm-consultant-demo] [restartedMain] o.s.b.w.embedded.tomcat.TomcatWebServer  : Tomcat started on port 8080 (http) with context path '/'
2025-07-31T20:39:40.712-05:00  INFO 12624 --- [camunda-bpm-consultant-demo] [restartedMain] org.camunda.bpm.container                : ENGINE-08026 No processes.xml file found in process application 'pruebatecnicaApplication'
2025-07-31T20:39:40.718-05:00  INFO 12624 --- [camunda-bpm-consultant-demo] [restartedMain] org.camunda.bpm.container                : ENGINE-08050 Process application pruebatecnicaApplication successfully deployed
2025-07-31T20:39:40.721-05:00  INFO 12624 --- [camunda-bpm-consultant-demo] [restartedMain] c.s.p.t.s.e.p.PruebatecnicaApplication   : Started PruebatecnicaApplication in 11.374 seconds (process running for 12.283)
2025-07-31T20:39:40.785-05:00  INFO 12624 --- [camunda-bpm-consultant-demo] [restartedMain] org.camunda.bpm.engine.jobexecutor       : ENGINE-14014 Starting up the JobExecutor[org.camunda.bpm.engine.spring.components.jobexecutor.SpringJobExecutor].
2025-07-31T20:39:40.787-05:00  INFO 12624 --- [camunda-bpm-consultant-demo] [restartedMain] c.s.p.t.s.e.p.PruebatecnicaApplication   : 🎯 Aplicación iniciada exitosamente!
2025-07-31T20:39:40.787-05:00  INFO 12624 --- [camunda-bpm-consultant-demo] [JobExecutor[org.camunda.bpm.engine.spring.components.jobexecutor.SpringJobExecutor]] org.camunda.bpm.engine.jobexecutor       : ENGINE-14018 JobExecutor[org.camunda.bpm.engine.spring.components.jobexecutor.SpringJobExecutor] starting to acquire jobs
2025-07-31T20:39:40.788-05:00  INFO 12624 --- [camunda-bpm-consultant-demo] [restartedMain] c.s.p.t.s.e.p.PruebatecnicaApplication   : 📊 Dashboard disponible en: http://localhost:8080
2025-07-31T20:39:40.790-05:00  INFO 12624 --- [camunda-bpm-consultant-demo] [restartedMain] c.s.p.t.s.e.p.PruebatecnicaApplication   : 🔧 Camunda Cockpit en: http://localhost:8080/camunda
2025-07-31T20:39:40.792-05:00  INFO 12624 --- [camunda-bpm-consultant-demo] [restartedMain] c.s.p.t.s.e.p.PruebatecnicaApplication   : 📝 Tasklist en: http://localhost:8080/camunda/app/tasklist
2025-07-31T20:39:40.793-05:00  INFO 12624 --- [camunda-bpm-consultant-demo] [restartedMain] c.s.p.t.s.e.p.PruebatecnicaApplication   : 🗄️ H2 Console en: http://localhost:8080/h2-console
2025-07-31T20:39:40.793-05:00  INFO 12624 --- [camunda-bpm-consultant-demo] [restartedMain] c.s.p.t.s.e.p.PruebatecnicaApplication   : 👤 Usuario admin: admin / admin123
2025-07-31T20:39:41.531-05:00  INFO 12624 --- [camunda-bpm-consultant-demo] [RMI TCP Connection(3)-127.0.0.1] o.a.c.c.C.[Tomcat].[localhost].[/]       : Initializing Spring DispatcherServlet 'dispatcherServlet'
2025-07-31T20:39:41.531-05:00  INFO 12624 --- [camunda-bpm-consultant-demo] [RMI TCP Connection(3)-127.0.0.1] o.s.web.servlet.DispatcherServlet        : Initializing Servlet 'dispatcherServlet'
2025-07-31T20:39:41.533-05:00  INFO 12624 --- [camunda-bpm-consultant-demo] [RMI TCP Connection(3)-127.0.0.1] o.s.web.servlet.DispatcherServlet        : Completed initialization in 2 ms
2025-07-31T20:40:03.966-05:00  INFO 12624 --- [camunda-bpm-consultant-demo] [http-nio-8080-exec-10] org.camunda.bpm.engine.identity          : ENGINE-27001 The user with id 'admin' is locked. The lock will expire at Thu Jul 31 20:40:06 ECT 2025
2025-07-31T20:40:08.498-05:00  INFO 12624 --- [camunda-bpm-consultant-demo] [http-nio-8080-exec-9] org.camunda.bpm.engine.identity          : ENGINE-27001 The user with id 'admin' is locked. The lock will expire at Thu Jul 31 20:40:14 ECT 2025
2025-07-31T20:40:16.159-05:00  INFO 12624 --- [camunda-bpm-consultant-demo] [http-nio-8080-exec-3] org.camunda.bpm.engine.identity          : ENGINE-27001 The user with id 'admin' is locked. The lock will expire at Thu Jul 31 20:40:28 ECT 2025
2025-07-31T20:40:45.798-05:00  INFO 12624 --- [camunda-bpm-consultant-demo] [http-nio-8080-exec-5] org.camunda.bpm.engine.identity          : ENGINE-27001 The user with id 'admin' is locked. The lock will expire at Thu Jul 31 20:41:09 ECT 2025
2025-07-31T20:41:23.685-05:00  INFO 14892 --- [camunda-bpm-consultant-demo] [restartedMain] c.s.p.t.s.e.p.PruebatecnicaApplication   : Starting PruebatecnicaApplication using Java 22.0.1 with PID 14892 (C:\Users\Sebas\Desktop\aprender a programar en python\java\PruebaTecnicaSoftwareEvolutivo\pruebatecnica\target\classes started by Sebas in C:\Users\Sebas\Desktop\aprender a programar en python\java\PruebaTecnicaSoftwareEvolutivo\pruebatecnica)
2025-07-31T20:41:23.690-05:00  INFO 14892 --- [camunda-bpm-consultant-demo] [restartedMain] c.s.p.t.s.e.p.PruebatecnicaApplication   : The following 1 profile is active: "dev"
2025-07-31T20:41:23.787-05:00  INFO 14892 --- [camunda-bpm-consultant-demo] [restartedMain] o.s.b.devtools.restart.ChangeableUrls    : The Class-Path manifest attribute in C:\Users\Sebas\.m2\repository\com\sun\xml\bind\jaxb-impl\4.0.5\jaxb-impl-4.0.5.jar referenced one or more files that do not exist: file:/C:/Users/Sebas/.m2/repository/com/sun/xml/bind/jaxb-impl/4.0.5/jaxb-core.jar,file:/C:/Users/Sebas/.m2/repository/com/sun/xml/bind/jaxb-impl/4.0.5/angus-activation.jar
2025-07-31T20:41:23.788-05:00  INFO 14892 --- [camunda-bpm-consultant-demo] [restartedMain] o.s.b.devtools.restart.ChangeableUrls    : The Class-Path manifest attribute in C:\Users\Sebas\.m2\repository\com\sun\xml\bind\jaxb-core\4.0.5\jaxb-core-4.0.5.jar referenced one or more files that do not exist: file:/C:/Users/Sebas/.m2/repository/com/sun/xml/bind/jaxb-core/4.0.5/jakarta.activation-api.jar,file:/C:/Users/Sebas/.m2/repository/com/sun/xml/bind/jaxb-core/4.0.5/jakarta.xml.bind-api.jar
2025-07-31T20:41:23.790-05:00  INFO 14892 --- [camunda-bpm-consultant-demo] [restartedMain] o.s.b.devtools.restart.ChangeableUrls    : The Class-Path manifest attribute in C:\Users\Sebas\.m2\repository\org\glassfish\hk2\hk2\3.0.6\hk2-3.0.6.jar referenced one or more files that do not exist: file:/C:/Users/Sebas/.m2/repository/org/glassfish/hk2/hk2/3.0.6/hk2-utils.jar,file:/C:/Users/Sebas/.m2/repository/org/glassfish/hk2/hk2/3.0.6/jakarta.annotation-api.jar,file:/C:/Users/Sebas/.m2/repository/org/glassfish/hk2/hk2/3.0.6/jakarta.inject-api.jar,file:/C:/Users/Sebas/.m2/repository/org/glassfish/hk2/hk2/3.0.6/hk2-api.jar,file:/C:/Users/Sebas/.m2/repository/org/glassfish/hk2/hk2/3.0.6/aopalliance-repackaged.jar,file:/C:/Users/Sebas/.m2/repository/org/glassfish/hk2/hk2/3.0.6/hk2-core.jar,file:/C:/Users/Sebas/.m2/repository/org/glassfish/hk2/hk2/3.0.6/hk2-locator.jar,file:/C:/Users/Sebas/.m2/repository/org/glassfish/hk2/hk2/3.0.6/javassist.jar,file:/C:/Users/Sebas/.m2/repository/org/glassfish/hk2/hk2/3.0.6/hk2-runlevel.jar,file:/C:/Users/Sebas/.m2/repository/org/glassfish/hk2/hk2/3.0.6/class-model.jar,file:/C:/Users/Sebas/.m2/repository/org/glassfish/hk2/hk2/3.0.6/asm.jar,file:/C:/Users/Sebas/.m2/repository/org/glassfish/hk2/hk2/3.0.6/asm-analysis.jar,file:/C:/Users/Sebas/.m2/repository/org/glassfish/hk2/hk2/3.0.6/asm-commons.jar,file:/C:/Users/Sebas/.m2/repository/org/glassfish/hk2/hk2/3.0.6/asm-tree.jar,file:/C:/Users/Sebas/.m2/repository/org/glassfish/hk2/hk2/3.0.6/asm-util.jar
2025-07-31T20:41:23.794-05:00  INFO 14892 --- [camunda-bpm-consultant-demo] [restartedMain] .e.DevToolsPropertyDefaultsPostProcessor : Devtools property defaults active! Set 'spring.devtools.add-properties' to 'false' to disable
2025-07-31T20:41:23.795-05:00  INFO 14892 --- [camunda-bpm-consultant-demo] [restartedMain] .e.DevToolsPropertyDefaultsPostProcessor : For additional web related logging consider setting the 'logging.level.web' property to 'DEBUG'
2025-07-31T20:41:25.292-05:00  INFO 14892 --- [camunda-bpm-consultant-demo] [restartedMain] .s.d.r.c.RepositoryConfigurationDelegate : Bootstrapping Spring Data JPA repositories in DEFAULT mode.
2025-07-31T20:41:25.375-05:00  INFO 14892 --- [camunda-bpm-consultant-demo] [restartedMain] .s.d.r.c.RepositoryConfigurationDelegate : Finished Spring Data repository scanning in 73 ms. Found 1 JPA repository interface.
2025-07-31T20:41:26.304-05:00  INFO 14892 --- [camunda-bpm-consultant-demo] [restartedMain] o.s.b.w.embedded.tomcat.TomcatWebServer  : Tomcat initialized with port 8080 (http)
2025-07-31T20:41:26.331-05:00  INFO 14892 --- [camunda-bpm-consultant-demo] [restartedMain] o.apache.catalina.core.StandardService   : Starting service [Tomcat]
2025-07-31T20:41:26.332-05:00  INFO 14892 --- [camunda-bpm-consultant-demo] [restartedMain] o.apache.catalina.core.StandardEngine    : Starting Servlet engine: [Apache Tomcat/10.1.43]
2025-07-31T20:41:26.417-05:00  INFO 14892 --- [camunda-bpm-consultant-demo] [restartedMain] o.a.c.c.C.[Tomcat].[localhost].[/]       : Initializing Spring embedded WebApplicationContext
2025-07-31T20:41:26.419-05:00  INFO 14892 --- [camunda-bpm-consultant-demo] [restartedMain] w.s.c.ServletWebServerApplicationContext : Root WebApplicationContext: initialization completed in 2622 ms
2025-07-31T20:41:26.450-05:00  INFO 14892 --- [camunda-bpm-consultant-demo] [restartedMain] .c.b.s.b.s.r.CamundaJerseyResourceConfig : Configuring camunda rest api.
2025-07-31T20:41:26.515-05:00  INFO 14892 --- [camunda-bpm-consultant-demo] [restartedMain] .c.b.s.b.s.r.CamundaJerseyResourceConfig : Finished configuring camunda rest api.
2025-07-31T20:41:27.298-05:00  INFO 14892 --- [camunda-bpm-consultant-demo] [restartedMain] o.hibernate.jpa.internal.util.LogHelper  : HHH000204: Processing PersistenceUnitInfo [name: default]
2025-07-31T20:41:27.400-05:00  INFO 14892 --- [camunda-bpm-consultant-demo] [restartedMain] org.hibernate.Version                    : HHH000412: Hibernate ORM core version 6.6.22.Final
2025-07-31T20:41:27.462-05:00  INFO 14892 --- [camunda-bpm-consultant-demo] [restartedMain] o.h.c.internal.RegionFactoryInitiator    : HHH000026: Second-level cache disabled
2025-07-31T20:41:27.911-05:00  INFO 14892 --- [camunda-bpm-consultant-demo] [restartedMain] o.s.o.j.p.SpringPersistenceUnitInfo      : No LoadTimeWeaver setup: ignoring JPA class transformer
2025-07-31T20:41:27.959-05:00  INFO 14892 --- [camunda-bpm-consultant-demo] [restartedMain] com.zaxxer.hikari.HikariDataSource       : HikariPool-1 - Starting...
2025-07-31T20:41:28.424-05:00  INFO 14892 --- [camunda-bpm-consultant-demo] [restartedMain] com.zaxxer.hikari.pool.HikariPool        : HikariPool-1 - Added connection conn0: url=jdbc:h2:file:./data/bpm-consultant-db user=SA
2025-07-31T20:41:28.426-05:00  INFO 14892 --- [camunda-bpm-consultant-demo] [restartedMain] com.zaxxer.hikari.HikariDataSource       : HikariPool-1 - Start completed.
2025-07-31T20:41:28.457-05:00  WARN 14892 --- [camunda-bpm-consultant-demo] [restartedMain] org.hibernate.orm.deprecation            : HHH90000025: H2Dialect does not need to be specified explicitly using 'hibernate.dialect' (remove the property setting and it will be selected by default)
2025-07-31T20:41:28.479-05:00  INFO 14892 --- [camunda-bpm-consultant-demo] [restartedMain] org.hibernate.orm.connections.pooling    : HHH10001005: Database info:
	Database JDBC URL [Connecting through datasource 'HikariDataSource (HikariPool-1)']
	Database driver: undefined/unknown
	Database version: 2.3.232
	Autocommit mode: undefined/unknown
	Isolation level: undefined/unknown
	Minimum pool size: undefined/unknown
	Maximum pool size: undefined/unknown
2025-07-31T20:41:29.510-05:00  INFO 14892 --- [camunda-bpm-consultant-demo] [restartedMain] o.h.e.t.j.p.i.JtaPlatformInitiator       : HHH000489: No JTA platform available (set 'hibernate.transaction.jta.platform' to enable JTA platform integration)
2025-07-31T20:41:29.581-05:00  INFO 14892 --- [camunda-bpm-consultant-demo] [restartedMain] j.LocalContainerEntityManagerFactoryBean : Initialized JPA EntityManagerFactory for persistence unit 'default'
2025-07-31T20:41:29.934-05:00  INFO 14892 --- [camunda-bpm-consultant-demo] [restartedMain] o.s.d.j.r.query.QueryEnhancerFactory     : Hibernate is in classpath; If applicable, HQL parser will be used.
2025-07-31T20:41:31.031-05:00  INFO 14892 --- [camunda-bpm-consultant-demo] [restartedMain] org.camunda.bpm.spring.boot              : STARTER-SB040 Setting up jobExecutor with corePoolSize=3, maxPoolSize:10
2025-07-31T20:41:31.138-05:00  INFO 14892 --- [camunda-bpm-consultant-demo] [restartedMain] org.camunda.bpm.engine.cfg               : ENGINE-12003 Plugin 'CompositeProcessEnginePlugin[genericPropertiesConfiguration, camundaProcessEngineConfiguration, camundaDatasourceConfiguration, camundaJobConfiguration, camundaHistoryConfiguration, camundaMetricsConfiguration, camundaAuthorizationConfiguration, createAdminUserConfiguration, failedJobConfiguration, CreateFilterConfiguration[filterName=All tasks], disableDeploymentResourcePattern, eventPublisherPlugin, ApplicationContextClassloaderSwitchPlugin]' activated on process engine 'default'
2025-07-31T20:41:31.140-05:00  WARN 14892 --- [camunda-bpm-consultant-demo] [restartedMain] .s.c.i.DefaultProcessEngineConfiguration : Ignoring invalid processEngineName='purchase-request-engine' - must not be null, blank or contain hyphen
2025-07-31T20:41:31.144-05:00  INFO 14892 --- [camunda-bpm-consultant-demo] [restartedMain] org.camunda.bpm.spring.boot              : STARTER-SB020 ProcessApplication enabled: autoDeployment via springConfiguration#deploymentResourcePattern is disabled
2025-07-31T20:41:31.147-05:00  INFO 14892 --- [camunda-bpm-consultant-demo] [restartedMain] o.c.b.s.b.s.event.EventPublisherPlugin   : EVENTING-001: Initialized Camunda Spring Boot Eventing Engine Plugin.
2025-07-31T20:41:31.147-05:00  INFO 14892 --- [camunda-bpm-consultant-demo] [restartedMain] o.c.b.s.b.s.event.EventPublisherPlugin   : EVENTING-003: Task events will be published as Spring Events.
2025-07-31T20:41:31.147-05:00  INFO 14892 --- [camunda-bpm-consultant-demo] [restartedMain] o.c.b.s.b.s.event.EventPublisherPlugin   : EVENTING-005: Execution events will be published as Spring Events.
2025-07-31T20:41:31.150-05:00  INFO 14892 --- [camunda-bpm-consultant-demo] [restartedMain] o.c.b.s.b.s.event.EventPublisherPlugin   : EVENTING-009: Listeners will not be invoked if a skipCustomListeners API parameter is set to true by user.
2025-07-31T20:41:31.160-05:00  INFO 14892 --- [camunda-bpm-consultant-demo] [restartedMain] o.c.b.s.b.s.event.EventPublisherPlugin   : EVENTING-007: History events will be published as Spring events.
2025-07-31T20:41:33.941-05:00  INFO 14892 --- [camunda-bpm-consultant-demo] [restartedMain] org.camunda.bpm.engine                   : ENGINE-00001 Process Engine default created.
2025-07-31T20:41:33.996-05:00  INFO 14892 --- [camunda-bpm-consultant-demo] [restartedMain] org.camunda.bpm.spring.boot              : STARTER-SB016 Skip initial filter creation, the filter with this name already exists: All tasks
2025-07-31T20:41:34.117-05:00  WARN 14892 --- [camunda-bpm-consultant-demo] [restartedMain] JpaBaseConfiguration$JpaWebConfiguration : spring.jpa.open-in-view is enabled by default. Therefore, database queries may be performed during view rendering. Explicitly configure spring.jpa.open-in-view to disable this warning
2025-07-31T20:41:34.637-05:00  WARN 14892 --- [camunda-bpm-consultant-demo] [restartedMain] ion$DefaultTemplateResolverConfiguration : Cannot find template location: classpath:/templates/ (please add some templates, check your Thymeleaf configuration, or set spring.thymeleaf.check-template-location=false)
2025-07-31T20:41:34.739-05:00  INFO 14892 --- [camunda-bpm-consultant-demo] [restartedMain] o.c.b.s.b.s.w.f.LazyInitRegistration     : lazy initialized org.camunda.bpm.spring.boot.starter.webapp.filter.LazySecurityFilter@188a5dda
2025-07-31T20:41:34.741-05:00  INFO 14892 --- [camunda-bpm-consultant-demo] [restartedMain] o.c.b.s.b.s.w.f.LazyInitRegistration     : lazy initialized org.camunda.bpm.spring.boot.starter.webapp.filter.LazyProcessEnginesFilter@215d6685
2025-07-31T20:41:35.120-05:00  INFO 14892 --- [camunda-bpm-consultant-demo] [restartedMain] o.s.b.a.h2.H2ConsoleAutoConfiguration    : H2 console available at '/h2-console'. Database available at 'jdbc:h2:file:./data/bpm-consultant-db'
2025-07-31T20:41:35.171-05:00  INFO 14892 --- [camunda-bpm-consultant-demo] [restartedMain] o.s.b.d.a.OptionalLiveReloadServer       : LiveReload server is running on port 35729
2025-07-31T20:41:35.182-05:00  INFO 14892 --- [camunda-bpm-consultant-demo] [restartedMain] o.s.b.a.e.web.EndpointLinksResolver      : Exposing 5 endpoints beneath base path '/actuator'
2025-07-31T20:41:35.302-05:00  INFO 14892 --- [camunda-bpm-consultant-demo] [restartedMain] o.s.b.w.embedded.tomcat.TomcatWebServer  : Tomcat started on port 8080 (http) with context path '/'
2025-07-31T20:41:35.362-05:00  INFO 14892 --- [camunda-bpm-consultant-demo] [restartedMain] org.camunda.bpm.container                : ENGINE-08026 No processes.xml file found in process application 'pruebatecnicaApplication'
2025-07-31T20:41:35.374-05:00  INFO 14892 --- [camunda-bpm-consultant-demo] [restartedMain] org.camunda.bpm.container                : ENGINE-08050 Process application pruebatecnicaApplication successfully deployed
2025-07-31T20:41:35.387-05:00  INFO 14892 --- [camunda-bpm-consultant-demo] [restartedMain] c.s.p.t.s.e.p.PruebatecnicaApplication   : Started PruebatecnicaApplication in 12.326 seconds (process running for 13.248)
2025-07-31T20:41:35.400-05:00  INFO 14892 --- [camunda-bpm-consultant-demo] [restartedMain] org.camunda.bpm.engine.jobexecutor       : ENGINE-14014 Starting up the JobExecutor[org.camunda.bpm.engine.spring.components.jobexecutor.SpringJobExecutor].
2025-07-31T20:41:35.405-05:00  INFO 14892 --- [camunda-bpm-consultant-demo] [restartedMain] c.s.p.t.s.e.p.PruebatecnicaApplication   : 🎯 Aplicación iniciada exitosamente!
2025-07-31T20:41:35.406-05:00  INFO 14892 --- [camunda-bpm-consultant-demo] [restartedMain] c.s.p.t.s.e.p.PruebatecnicaApplication   : 📊 Dashboard disponible en: http://localhost:8080
2025-07-31T20:41:35.407-05:00  INFO 14892 --- [camunda-bpm-consultant-demo] [JobExecutor[org.camunda.bpm.engine.spring.components.jobexecutor.SpringJobExecutor]] org.camunda.bpm.engine.jobexecutor       : ENGINE-14018 JobExecutor[org.camunda.bpm.engine.spring.components.jobexecutor.SpringJobExecutor] starting to acquire jobs
2025-07-31T20:41:35.408-05:00  INFO 14892 --- [camunda-bpm-consultant-demo] [restartedMain] c.s.p.t.s.e.p.PruebatecnicaApplication   : 🔧 Camunda Cockpit en: http://localhost:8080/camunda
2025-07-31T20:41:35.410-05:00  INFO 14892 --- [camunda-bpm-consultant-demo] [restartedMain] c.s.p.t.s.e.p.PruebatecnicaApplication   : 📝 Tasklist en: http://localhost:8080/camunda/app/tasklist
2025-07-31T20:41:35.411-05:00  INFO 14892 --- [camunda-bpm-consultant-demo] [restartedMain] c.s.p.t.s.e.p.PruebatecnicaApplication   : 🗄️ H2 Console en: http://localhost:8080/h2-console
2025-07-31T20:41:35.413-05:00  INFO 14892 --- [camunda-bpm-consultant-demo] [restartedMain] c.s.p.t.s.e.p.PruebatecnicaApplication   : 👤 Usuario admin: admin / admin123
2025-07-31T20:41:38.156-05:00  INFO 14892 --- [camunda-bpm-consultant-demo] [RMI TCP Connection(2)-127.0.0.1] o.a.c.c.C.[Tomcat].[localhost].[/]       : Initializing Spring DispatcherServlet 'dispatcherServlet'
2025-07-31T20:41:38.157-05:00  INFO 14892 --- [camunda-bpm-consultant-demo] [RMI TCP Connection(2)-127.0.0.1] o.s.web.servlet.DispatcherServlet        : Initializing Servlet 'dispatcherServlet'
2025-07-31T20:41:38.159-05:00  INFO 14892 --- [camunda-bpm-consultant-demo] [RMI TCP Connection(2)-127.0.0.1] o.s.web.servlet.DispatcherServlet        : Completed initialization in 2 ms
2025-07-31T20:41:45.626-05:00  INFO 14892 --- [camunda-bpm-consultant-demo] [http-nio-8080-exec-9] org.camunda.bpm.engine.identity          : ENGINE-27001 The user with id 'admin' is locked. The lock will expire at Thu Jul 31 20:42:33 ECT 2025
2025-07-31T20:42:30.132-05:00  INFO 14892 --- [camunda-bpm-consultant-demo] [SpringApplicationShutdownHook] org.camunda.bpm.container                : ENGINE-08051 Process application pruebatecnicaApplication undeployed
2025-07-31T20:42:30.135-05:00  INFO 14892 --- [camunda-bpm-consultant-demo] [SpringApplicationShutdownHook] o.s.b.w.e.tomcat.GracefulShutdown        : Commencing graceful shutdown. Waiting for active requests to complete
2025-07-31T20:42:30.144-05:00  INFO 14892 --- [camunda-bpm-consultant-demo] [tomcat-shutdown] o.s.b.w.e.tomcat.GracefulShutdown        : Graceful shutdown complete
2025-07-31T20:42:30.165-05:00  INFO 14892 --- [camunda-bpm-consultant-demo] [SpringApplicationShutdownHook] org.camunda.bpm.engine.jobexecutor       : ENGINE-14015 Shutting down the JobExecutor[org.camunda.bpm.engine.spring.components.jobexecutor.SpringJobExecutor]
2025-07-31T20:42:30.165-05:00  INFO 14892 --- [camunda-bpm-consultant-demo] [JobExecutor[org.camunda.bpm.engine.spring.components.jobexecutor.SpringJobExecutor]] org.camunda.bpm.engine.jobexecutor       : ENGINE-14020 JobExecutor[org.camunda.bpm.engine.spring.components.jobexecutor.SpringJobExecutor] stopped job acquisition
2025-07-31T20:42:30.170-05:00  INFO 14892 --- [camunda-bpm-consultant-demo] [SpringApplicationShutdownHook] org.camunda.bpm.engine                   : ENGINE-00007 Process Engine default closed
2025-07-31T20:42:30.171-05:00  INFO 14892 --- [camunda-bpm-consultant-demo] [SpringApplicationShutdownHook] j.LocalContainerEntityManagerFactoryBean : Closing JPA EntityManagerFactory for persistence unit 'default'
2025-07-31T20:42:30.175-05:00  INFO 14892 --- [camunda-bpm-consultant-demo] [SpringApplicationShutdownHook] com.zaxxer.hikari.HikariDataSource       : HikariPool-1 - Shutdown initiated...
2025-07-31T20:42:30.176-05:00  INFO 14892 --- [camunda-bpm-consultant-demo] [SpringApplicationShutdownHook] com.zaxxer.hikari.HikariDataSource       : HikariPool-1 - Shutdown completed.
2025-07-31T20:43:30.666-05:00  INFO 9752 --- [camunda-bpm-consultant-demo] [restartedMain] c.s.p.t.s.e.p.PruebatecnicaApplication   : Starting PruebatecnicaApplication using Java 22.0.1 with PID 9752 (C:\Users\Sebas\Desktop\aprender a programar en python\java\PruebaTecnicaSoftwareEvolutivo\pruebatecnica\target\classes started by Sebas in C:\Users\Sebas\Desktop\aprender a programar en python\java\PruebaTecnicaSoftwareEvolutivo\pruebatecnica)
2025-07-31T20:43:30.684-05:00  INFO 9752 --- [camunda-bpm-consultant-demo] [restartedMain] c.s.p.t.s.e.p.PruebatecnicaApplication   : The following 1 profile is active: "dev"
2025-07-31T20:43:30.760-05:00  INFO 9752 --- [camunda-bpm-consultant-demo] [restartedMain] o.s.b.devtools.restart.ChangeableUrls    : The Class-Path manifest attribute in C:\Users\Sebas\.m2\repository\com\sun\xml\bind\jaxb-impl\4.0.5\jaxb-impl-4.0.5.jar referenced one or more files that do not exist: file:/C:/Users/Sebas/.m2/repository/com/sun/xml/bind/jaxb-impl/4.0.5/jaxb-core.jar,file:/C:/Users/Sebas/.m2/repository/com/sun/xml/bind/jaxb-impl/4.0.5/angus-activation.jar
2025-07-31T20:43:30.760-05:00  INFO 9752 --- [camunda-bpm-consultant-demo] [restartedMain] o.s.b.devtools.restart.ChangeableUrls    : The Class-Path manifest attribute in C:\Users\Sebas\.m2\repository\com\sun\xml\bind\jaxb-core\4.0.5\jaxb-core-4.0.5.jar referenced one or more files that do not exist: file:/C:/Users/Sebas/.m2/repository/com/sun/xml/bind/jaxb-core/4.0.5/jakarta.activation-api.jar,file:/C:/Users/Sebas/.m2/repository/com/sun/xml/bind/jaxb-core/4.0.5/jakarta.xml.bind-api.jar
2025-07-31T20:43:30.761-05:00  INFO 9752 --- [camunda-bpm-consultant-demo] [restartedMain] o.s.b.devtools.restart.ChangeableUrls    : The Class-Path manifest attribute in C:\Users\Sebas\.m2\repository\org\glassfish\hk2\hk2\3.0.6\hk2-3.0.6.jar referenced one or more files that do not exist: file:/C:/Users/Sebas/.m2/repository/org/glassfish/hk2/hk2/3.0.6/hk2-utils.jar,file:/C:/Users/Sebas/.m2/repository/org/glassfish/hk2/hk2/3.0.6/jakarta.annotation-api.jar,file:/C:/Users/Sebas/.m2/repository/org/glassfish/hk2/hk2/3.0.6/jakarta.inject-api.jar,file:/C:/Users/Sebas/.m2/repository/org/glassfish/hk2/hk2/3.0.6/hk2-api.jar,file:/C:/Users/Sebas/.m2/repository/org/glassfish/hk2/hk2/3.0.6/aopalliance-repackaged.jar,file:/C:/Users/Sebas/.m2/repository/org/glassfish/hk2/hk2/3.0.6/hk2-core.jar,file:/C:/Users/Sebas/.m2/repository/org/glassfish/hk2/hk2/3.0.6/hk2-locator.jar,file:/C:/Users/Sebas/.m2/repository/org/glassfish/hk2/hk2/3.0.6/javassist.jar,file:/C:/Users/Sebas/.m2/repository/org/glassfish/hk2/hk2/3.0.6/hk2-runlevel.jar,file:/C:/Users/Sebas/.m2/repository/org/glassfish/hk2/hk2/3.0.6/class-model.jar,file:/C:/Users/Sebas/.m2/repository/org/glassfish/hk2/hk2/3.0.6/asm.jar,file:/C:/Users/Sebas/.m2/repository/org/glassfish/hk2/hk2/3.0.6/asm-analysis.jar,file:/C:/Users/Sebas/.m2/repository/org/glassfish/hk2/hk2/3.0.6/asm-commons.jar,file:/C:/Users/Sebas/.m2/repository/org/glassfish/hk2/hk2/3.0.6/asm-tree.jar,file:/C:/Users/Sebas/.m2/repository/org/glassfish/hk2/hk2/3.0.6/asm-util.jar
2025-07-31T20:43:30.762-05:00  INFO 9752 --- [camunda-bpm-consultant-demo] [restartedMain] .e.DevToolsPropertyDefaultsPostProcessor : Devtools property defaults active! Set 'spring.devtools.add-properties' to 'false' to disable
2025-07-31T20:43:30.763-05:00  INFO 9752 --- [camunda-bpm-consultant-demo] [restartedMain] .e.DevToolsPropertyDefaultsPostProcessor : For additional web related logging consider setting the 'logging.level.web' property to 'DEBUG'
2025-07-31T20:43:32.344-05:00  INFO 9752 --- [camunda-bpm-consultant-demo] [restartedMain] .s.d.r.c.RepositoryConfigurationDelegate : Bootstrapping Spring Data JPA repositories in DEFAULT mode.
2025-07-31T20:43:32.428-05:00  INFO 9752 --- [camunda-bpm-consultant-demo] [restartedMain] .s.d.r.c.RepositoryConfigurationDelegate : Finished Spring Data repository scanning in 71 ms. Found 1 JPA repository interface.
2025-07-31T20:43:33.357-05:00  INFO 9752 --- [camunda-bpm-consultant-demo] [restartedMain] o.s.b.w.embedded.tomcat.TomcatWebServer  : Tomcat initialized with port 8080 (http)
2025-07-31T20:43:33.373-05:00  INFO 9752 --- [camunda-bpm-consultant-demo] [restartedMain] o.apache.catalina.core.StandardService   : Starting service [Tomcat]
2025-07-31T20:43:33.377-05:00  INFO 9752 --- [camunda-bpm-consultant-demo] [restartedMain] o.apache.catalina.core.StandardEngine    : Starting Servlet engine: [Apache Tomcat/10.1.43]
2025-07-31T20:43:33.461-05:00  INFO 9752 --- [camunda-bpm-consultant-demo] [restartedMain] o.a.c.c.C.[Tomcat].[localhost].[/]       : Initializing Spring embedded WebApplicationContext
2025-07-31T20:43:33.461-05:00  INFO 9752 --- [camunda-bpm-consultant-demo] [restartedMain] w.s.c.ServletWebServerApplicationContext : Root WebApplicationContext: initialization completed in 2697 ms
2025-07-31T20:43:33.489-05:00  INFO 9752 --- [camunda-bpm-consultant-demo] [restartedMain] .c.b.s.b.s.r.CamundaJerseyResourceConfig : Configuring camunda rest api.
2025-07-31T20:43:33.539-05:00  INFO 9752 --- [camunda-bpm-consultant-demo] [restartedMain] .c.b.s.b.s.r.CamundaJerseyResourceConfig : Finished configuring camunda rest api.
2025-07-31T20:43:34.254-05:00  INFO 9752 --- [camunda-bpm-consultant-demo] [restartedMain] o.hibernate.jpa.internal.util.LogHelper  : HHH000204: Processing PersistenceUnitInfo [name: default]
2025-07-31T20:43:34.325-05:00  INFO 9752 --- [camunda-bpm-consultant-demo] [restartedMain] org.hibernate.Version                    : HHH000412: Hibernate ORM core version 6.6.22.Final
2025-07-31T20:43:34.371-05:00  INFO 9752 --- [camunda-bpm-consultant-demo] [restartedMain] o.h.c.internal.RegionFactoryInitiator    : HHH000026: Second-level cache disabled
2025-07-31T20:43:34.687-05:00  INFO 9752 --- [camunda-bpm-consultant-demo] [restartedMain] o.s.o.j.p.SpringPersistenceUnitInfo      : No LoadTimeWeaver setup: ignoring JPA class transformer
2025-07-31T20:43:34.726-05:00  INFO 9752 --- [camunda-bpm-consultant-demo] [restartedMain] com.zaxxer.hikari.HikariDataSource       : HikariPool-1 - Starting...
2025-07-31T20:43:35.159-05:00  INFO 9752 --- [camunda-bpm-consultant-demo] [restartedMain] com.zaxxer.hikari.pool.HikariPool        : HikariPool-1 - Added connection conn0: url=jdbc:h2:file:./data/bpm-consultant-db user=SA
2025-07-31T20:43:35.162-05:00  INFO 9752 --- [camunda-bpm-consultant-demo] [restartedMain] com.zaxxer.hikari.HikariDataSource       : HikariPool-1 - Start completed.
2025-07-31T20:43:35.192-05:00  WARN 9752 --- [camunda-bpm-consultant-demo] [restartedMain] org.hibernate.orm.deprecation            : HHH90000025: H2Dialect does not need to be specified explicitly using 'hibernate.dialect' (remove the property setting and it will be selected by default)
2025-07-31T20:43:35.243-05:00  INFO 9752 --- [camunda-bpm-consultant-demo] [restartedMain] org.hibernate.orm.connections.pooling    : HHH10001005: Database info:
	Database JDBC URL [Connecting through datasource 'HikariDataSource (HikariPool-1)']
	Database driver: undefined/unknown
	Database version: 2.3.232
	Autocommit mode: undefined/unknown
	Isolation level: undefined/unknown
	Minimum pool size: undefined/unknown
	Maximum pool size: undefined/unknown
2025-07-31T20:43:36.209-05:00  INFO 9752 --- [camunda-bpm-consultant-demo] [restartedMain] o.h.e.t.j.p.i.JtaPlatformInitiator       : HHH000489: No JTA platform available (set 'hibernate.transaction.jta.platform' to enable JTA platform integration)
2025-07-31T20:43:36.267-05:00  INFO 9752 --- [camunda-bpm-consultant-demo] [restartedMain] j.LocalContainerEntityManagerFactoryBean : Initialized JPA EntityManagerFactory for persistence unit 'default'
2025-07-31T20:43:36.506-05:00  INFO 9752 --- [camunda-bpm-consultant-demo] [restartedMain] o.s.d.j.r.query.QueryEnhancerFactory     : Hibernate is in classpath; If applicable, HQL parser will be used.
2025-07-31T20:43:37.674-05:00  INFO 9752 --- [camunda-bpm-consultant-demo] [restartedMain] org.camunda.bpm.spring.boot              : STARTER-SB040 Setting up jobExecutor with corePoolSize=3, maxPoolSize:10
2025-07-31T20:43:37.762-05:00  INFO 9752 --- [camunda-bpm-consultant-demo] [restartedMain] org.camunda.bpm.engine.cfg               : ENGINE-12003 Plugin 'CompositeProcessEnginePlugin[genericPropertiesConfiguration, camundaProcessEngineConfiguration, camundaDatasourceConfiguration, camundaJobConfiguration, camundaHistoryConfiguration, camundaMetricsConfiguration, camundaAuthorizationConfiguration, createAdminUserConfiguration, failedJobConfiguration, CreateFilterConfiguration[filterName=All tasks], disableDeploymentResourcePattern, eventPublisherPlugin, ApplicationContextClassloaderSwitchPlugin]' activated on process engine 'default'
2025-07-31T20:43:37.763-05:00  WARN 9752 --- [camunda-bpm-consultant-demo] [restartedMain] .s.c.i.DefaultProcessEngineConfiguration : Ignoring invalid processEngineName='purchase-request-engine' - must not be null, blank or contain hyphen
2025-07-31T20:43:37.768-05:00  INFO 9752 --- [camunda-bpm-consultant-demo] [restartedMain] org.camunda.bpm.spring.boot              : STARTER-SB020 ProcessApplication enabled: autoDeployment via springConfiguration#deploymentResourcePattern is disabled
2025-07-31T20:43:37.768-05:00  INFO 9752 --- [camunda-bpm-consultant-demo] [restartedMain] o.c.b.s.b.s.event.EventPublisherPlugin   : EVENTING-001: Initialized Camunda Spring Boot Eventing Engine Plugin.
2025-07-31T20:43:37.769-05:00  INFO 9752 --- [camunda-bpm-consultant-demo] [restartedMain] o.c.b.s.b.s.event.EventPublisherPlugin   : EVENTING-003: Task events will be published as Spring Events.
2025-07-31T20:43:37.769-05:00  INFO 9752 --- [camunda-bpm-consultant-demo] [restartedMain] o.c.b.s.b.s.event.EventPublisherPlugin   : EVENTING-005: Execution events will be published as Spring Events.
2025-07-31T20:43:37.769-05:00  INFO 9752 --- [camunda-bpm-consultant-demo] [restartedMain] o.c.b.s.b.s.event.EventPublisherPlugin   : EVENTING-009: Listeners will not be invoked if a skipCustomListeners API parameter is set to true by user.
2025-07-31T20:43:37.776-05:00  INFO 9752 --- [camunda-bpm-consultant-demo] [restartedMain] o.c.b.s.b.s.event.EventPublisherPlugin   : EVENTING-007: History events will be published as Spring events.
2025-07-31T20:43:40.519-05:00  INFO 9752 --- [camunda-bpm-consultant-demo] [restartedMain] org.camunda.bpm.engine                   : ENGINE-00001 Process Engine default created.
2025-07-31T20:43:40.572-05:00  INFO 9752 --- [camunda-bpm-consultant-demo] [restartedMain] org.camunda.bpm.spring.boot              : STARTER-SB016 Skip initial filter creation, the filter with this name already exists: All tasks
2025-07-31T20:43:40.671-05:00  WARN 9752 --- [camunda-bpm-consultant-demo] [restartedMain] JpaBaseConfiguration$JpaWebConfiguration : spring.jpa.open-in-view is enabled by default. Therefore, database queries may be performed during view rendering. Explicitly configure spring.jpa.open-in-view to disable this warning
2025-07-31T20:43:40.983-05:00  WARN 9752 --- [camunda-bpm-consultant-demo] [restartedMain] ion$DefaultTemplateResolverConfiguration : Cannot find template location: classpath:/templates/ (please add some templates, check your Thymeleaf configuration, or set spring.thymeleaf.check-template-location=false)
2025-07-31T20:43:41.076-05:00  INFO 9752 --- [camunda-bpm-consultant-demo] [restartedMain] o.c.b.s.b.s.w.f.LazyInitRegistration     : lazy initialized org.camunda.bpm.spring.boot.starter.webapp.filter.LazySecurityFilter@36ef2a5b
2025-07-31T20:43:41.079-05:00  INFO 9752 --- [camunda-bpm-consultant-demo] [restartedMain] o.c.b.s.b.s.w.f.LazyInitRegistration     : lazy initialized org.camunda.bpm.spring.boot.starter.webapp.filter.LazyProcessEnginesFilter@505f25a0
2025-07-31T20:43:41.415-05:00  INFO 9752 --- [camunda-bpm-consultant-demo] [restartedMain] o.s.b.a.h2.H2ConsoleAutoConfiguration    : H2 console available at '/h2-console'. Database available at 'jdbc:h2:file:./data/bpm-consultant-db'
2025-07-31T20:43:41.472-05:00  INFO 9752 --- [camunda-bpm-consultant-demo] [restartedMain] o.s.b.d.a.OptionalLiveReloadServer       : LiveReload server is running on port 35729
2025-07-31T20:43:41.482-05:00  INFO 9752 --- [camunda-bpm-consultant-demo] [restartedMain] o.s.b.a.e.web.EndpointLinksResolver      : Exposing 5 endpoints beneath base path '/actuator'
2025-07-31T20:43:41.588-05:00  INFO 9752 --- [camunda-bpm-consultant-demo] [restartedMain] o.s.b.w.embedded.tomcat.TomcatWebServer  : Tomcat started on port 8080 (http) with context path '/'
2025-07-31T20:43:41.621-05:00  INFO 9752 --- [camunda-bpm-consultant-demo] [restartedMain] org.camunda.bpm.container                : ENGINE-08026 No processes.xml file found in process application 'pruebatecnicaApplication'
2025-07-31T20:43:41.625-05:00  INFO 9752 --- [camunda-bpm-consultant-demo] [restartedMain] org.camunda.bpm.container                : ENGINE-08050 Process application pruebatecnicaApplication successfully deployed
2025-07-31T20:43:41.628-05:00  INFO 9752 --- [camunda-bpm-consultant-demo] [restartedMain] c.s.p.t.s.e.p.PruebatecnicaApplication   : Started PruebatecnicaApplication in 11.599 seconds (process running for 12.606)
2025-07-31T20:43:41.635-05:00  INFO 9752 --- [camunda-bpm-consultant-demo] [restartedMain] org.camunda.bpm.engine.jobexecutor       : ENGINE-14014 Starting up the JobExecutor[org.camunda.bpm.engine.spring.components.jobexecutor.SpringJobExecutor].
2025-07-31T20:43:41.639-05:00  INFO 9752 --- [camunda-bpm-consultant-demo] [restartedMain] c.s.p.t.s.e.p.PruebatecnicaApplication   : 🎯 Aplicación iniciada exitosamente!
2025-07-31T20:43:41.639-05:00  INFO 9752 --- [camunda-bpm-consultant-demo] [restartedMain] c.s.p.t.s.e.p.PruebatecnicaApplication   : 📊 Dashboard disponible en: http://localhost:8080
2025-07-31T20:43:41.640-05:00  INFO 9752 --- [camunda-bpm-consultant-demo] [restartedMain] c.s.p.t.s.e.p.PruebatecnicaApplication   : 🔧 Camunda Cockpit en: http://localhost:8080/camunda
2025-07-31T20:43:41.642-05:00  INFO 9752 --- [camunda-bpm-consultant-demo] [restartedMain] c.s.p.t.s.e.p.PruebatecnicaApplication   : 📝 Tasklist en: http://localhost:8080/camunda/app/tasklist
2025-07-31T20:43:41.640-05:00  INFO 9752 --- [camunda-bpm-consultant-demo] [JobExecutor[org.camunda.bpm.engine.spring.components.jobexecutor.SpringJobExecutor]] org.camunda.bpm.engine.jobexecutor       : ENGINE-14018 JobExecutor[org.camunda.bpm.engine.spring.components.jobexecutor.SpringJobExecutor] starting to acquire jobs
2025-07-31T20:43:41.644-05:00  INFO 9752 --- [camunda-bpm-consultant-demo] [restartedMain] c.s.p.t.s.e.p.PruebatecnicaApplication   : 🗄️ H2 Console en: http://localhost:8080/h2-console
2025-07-31T20:43:41.645-05:00  INFO 9752 --- [camunda-bpm-consultant-demo] [restartedMain] c.s.p.t.s.e.p.PruebatecnicaApplication   : 👤 Usuario admin: admin / admin
2025-07-31T20:43:42.024-05:00  INFO 9752 --- [camunda-bpm-consultant-demo] [RMI TCP Connection(2)-127.0.0.1] o.a.c.c.C.[Tomcat].[localhost].[/]       : Initializing Spring DispatcherServlet 'dispatcherServlet'
2025-07-31T20:43:42.025-05:00  INFO 9752 --- [camunda-bpm-consultant-demo] [RMI TCP Connection(2)-127.0.0.1] o.s.web.servlet.DispatcherServlet        : Initializing Servlet 'dispatcherServlet'
2025-07-31T20:43:42.027-05:00  INFO 9752 --- [camunda-bpm-consultant-demo] [RMI TCP Connection(2)-127.0.0.1] o.s.web.servlet.DispatcherServlet        : Completed initialization in 2 ms
2025-07-31T20:44:28.771-05:00  INFO 9752 --- [camunda-bpm-consultant-demo] [http-nio-8080-exec-4] org.camunda.bpm.engine.identity          : ENGINE-27001 The user with id 'admin' is locked. The lock will expire at Thu Jul 31 20:45:28 ECT 2025
2025-07-31T20:46:05.288-05:00  INFO 12272 --- [camunda-bpm-consultant-demo] [restartedMain] c.s.p.t.s.e.p.PruebatecnicaApplication   : Starting PruebatecnicaApplication using Java 22.0.1 with PID 12272 (C:\Users\Sebas\Desktop\aprender a programar en python\java\PruebaTecnicaSoftwareEvolutivo\pruebatecnica\target\classes started by Sebas in C:\Users\Sebas\Desktop\aprender a programar en python\java\PruebaTecnicaSoftwareEvolutivo\pruebatecnica)
2025-07-31T20:46:05.300-05:00  INFO 12272 --- [camunda-bpm-consultant-demo] [restartedMain] c.s.p.t.s.e.p.PruebatecnicaApplication   : The following 1 profile is active: "dev"
2025-07-31T20:46:05.387-05:00  INFO 12272 --- [camunda-bpm-consultant-demo] [restartedMain] o.s.b.devtools.restart.ChangeableUrls    : The Class-Path manifest attribute in C:\Users\Sebas\.m2\repository\com\sun\xml\bind\jaxb-impl\4.0.5\jaxb-impl-4.0.5.jar referenced one or more files that do not exist: file:/C:/Users/Sebas/.m2/repository/com/sun/xml/bind/jaxb-impl/4.0.5/jaxb-core.jar,file:/C:/Users/Sebas/.m2/repository/com/sun/xml/bind/jaxb-impl/4.0.5/angus-activation.jar
2025-07-31T20:46:05.388-05:00  INFO 12272 --- [camunda-bpm-consultant-demo] [restartedMain] o.s.b.devtools.restart.ChangeableUrls    : The Class-Path manifest attribute in C:\Users\Sebas\.m2\repository\com\sun\xml\bind\jaxb-core\4.0.5\jaxb-core-4.0.5.jar referenced one or more files that do not exist: file:/C:/Users/Sebas/.m2/repository/com/sun/xml/bind/jaxb-core/4.0.5/jakarta.activation-api.jar,file:/C:/Users/Sebas/.m2/repository/com/sun/xml/bind/jaxb-core/4.0.5/jakarta.xml.bind-api.jar
2025-07-31T20:46:05.390-05:00  INFO 12272 --- [camunda-bpm-consultant-demo] [restartedMain] o.s.b.devtools.restart.ChangeableUrls    : The Class-Path manifest attribute in C:\Users\Sebas\.m2\repository\org\glassfish\hk2\hk2\3.0.6\hk2-3.0.6.jar referenced one or more files that do not exist: file:/C:/Users/Sebas/.m2/repository/org/glassfish/hk2/hk2/3.0.6/hk2-utils.jar,file:/C:/Users/Sebas/.m2/repository/org/glassfish/hk2/hk2/3.0.6/jakarta.annotation-api.jar,file:/C:/Users/Sebas/.m2/repository/org/glassfish/hk2/hk2/3.0.6/jakarta.inject-api.jar,file:/C:/Users/Sebas/.m2/repository/org/glassfish/hk2/hk2/3.0.6/hk2-api.jar,file:/C:/Users/Sebas/.m2/repository/org/glassfish/hk2/hk2/3.0.6/aopalliance-repackaged.jar,file:/C:/Users/Sebas/.m2/repository/org/glassfish/hk2/hk2/3.0.6/hk2-core.jar,file:/C:/Users/Sebas/.m2/repository/org/glassfish/hk2/hk2/3.0.6/hk2-locator.jar,file:/C:/Users/Sebas/.m2/repository/org/glassfish/hk2/hk2/3.0.6/javassist.jar,file:/C:/Users/Sebas/.m2/repository/org/glassfish/hk2/hk2/3.0.6/hk2-runlevel.jar,file:/C:/Users/Sebas/.m2/repository/org/glassfish/hk2/hk2/3.0.6/class-model.jar,file:/C:/Users/Sebas/.m2/repository/org/glassfish/hk2/hk2/3.0.6/asm.jar,file:/C:/Users/Sebas/.m2/repository/org/glassfish/hk2/hk2/3.0.6/asm-analysis.jar,file:/C:/Users/Sebas/.m2/repository/org/glassfish/hk2/hk2/3.0.6/asm-commons.jar,file:/C:/Users/Sebas/.m2/repository/org/glassfish/hk2/hk2/3.0.6/asm-tree.jar,file:/C:/Users/Sebas/.m2/repository/org/glassfish/hk2/hk2/3.0.6/asm-util.jar
2025-07-31T20:46:05.403-05:00  INFO 12272 --- [camunda-bpm-consultant-demo] [restartedMain] .e.DevToolsPropertyDefaultsPostProcessor : Devtools property defaults active! Set 'spring.devtools.add-properties' to 'false' to disable
2025-07-31T20:46:05.404-05:00  INFO 12272 --- [camunda-bpm-consultant-demo] [restartedMain] .e.DevToolsPropertyDefaultsPostProcessor : For additional web related logging consider setting the 'logging.level.web' property to 'DEBUG'
2025-07-31T20:46:06.820-05:00  INFO 12272 --- [camunda-bpm-consultant-demo] [restartedMain] .s.d.r.c.RepositoryConfigurationDelegate : Bootstrapping Spring Data JPA repositories in DEFAULT mode.
2025-07-31T20:46:06.896-05:00  INFO 12272 --- [camunda-bpm-consultant-demo] [restartedMain] .s.d.r.c.RepositoryConfigurationDelegate : Finished Spring Data repository scanning in 66 ms. Found 1 JPA repository interface.
2025-07-31T20:46:07.801-05:00  INFO 12272 --- [camunda-bpm-consultant-demo] [restartedMain] o.s.b.w.embedded.tomcat.TomcatWebServer  : Tomcat initialized with port 8080 (http)
2025-07-31T20:46:07.825-05:00  INFO 12272 --- [camunda-bpm-consultant-demo] [restartedMain] o.apache.catalina.core.StandardService   : Starting service [Tomcat]
2025-07-31T20:46:07.826-05:00  INFO 12272 --- [camunda-bpm-consultant-demo] [restartedMain] o.apache.catalina.core.StandardEngine    : Starting Servlet engine: [Apache Tomcat/10.1.43]
2025-07-31T20:46:07.899-05:00  INFO 12272 --- [camunda-bpm-consultant-demo] [restartedMain] o.a.c.c.C.[Tomcat].[localhost].[/]       : Initializing Spring embedded WebApplicationContext
2025-07-31T20:46:07.900-05:00  INFO 12272 --- [camunda-bpm-consultant-demo] [restartedMain] w.s.c.ServletWebServerApplicationContext : Root WebApplicationContext: initialization completed in 2495 ms
2025-07-31T20:46:07.934-05:00  INFO 12272 --- [camunda-bpm-consultant-demo] [restartedMain] .c.b.s.b.s.r.CamundaJerseyResourceConfig : Configuring camunda rest api.
2025-07-31T20:46:07.963-05:00  INFO 12272 --- [camunda-bpm-consultant-demo] [restartedMain] .c.b.s.b.s.r.CamundaJerseyResourceConfig : Finished configuring camunda rest api.
2025-07-31T20:46:08.481-05:00  INFO 12272 --- [camunda-bpm-consultant-demo] [restartedMain] o.hibernate.jpa.internal.util.LogHelper  : HHH000204: Processing PersistenceUnitInfo [name: default]
2025-07-31T20:46:08.568-05:00  INFO 12272 --- [camunda-bpm-consultant-demo] [restartedMain] org.hibernate.Version                    : HHH000412: Hibernate ORM core version 6.6.22.Final
2025-07-31T20:46:08.617-05:00  INFO 12272 --- [camunda-bpm-consultant-demo] [restartedMain] o.h.c.internal.RegionFactoryInitiator    : HHH000026: Second-level cache disabled
2025-07-31T20:46:08.981-05:00  INFO 12272 --- [camunda-bpm-consultant-demo] [restartedMain] o.s.o.j.p.SpringPersistenceUnitInfo      : No LoadTimeWeaver setup: ignoring JPA class transformer
2025-07-31T20:46:09.022-05:00  INFO 12272 --- [camunda-bpm-consultant-demo] [restartedMain] com.zaxxer.hikari.HikariDataSource       : HikariPool-1 - Starting...
2025-07-31T20:46:09.501-05:00  INFO 12272 --- [camunda-bpm-consultant-demo] [restartedMain] com.zaxxer.hikari.pool.HikariPool        : HikariPool-1 - Added connection conn0: url=jdbc:h2:file:./data/bpm-consultant-db user=SA
2025-07-31T20:46:09.503-05:00  INFO 12272 --- [camunda-bpm-consultant-demo] [restartedMain] com.zaxxer.hikari.HikariDataSource       : HikariPool-1 - Start completed.
2025-07-31T20:46:09.538-05:00  WARN 12272 --- [camunda-bpm-consultant-demo] [restartedMain] org.hibernate.orm.deprecation            : HHH90000025: H2Dialect does not need to be specified explicitly using 'hibernate.dialect' (remove the property setting and it will be selected by default)
2025-07-31T20:46:09.564-05:00  INFO 12272 --- [camunda-bpm-consultant-demo] [restartedMain] org.hibernate.orm.connections.pooling    : HHH10001005: Database info:
	Database JDBC URL [Connecting through datasource 'HikariDataSource (HikariPool-1)']
	Database driver: undefined/unknown
	Database version: 2.3.232
	Autocommit mode: undefined/unknown
	Isolation level: undefined/unknown
	Minimum pool size: undefined/unknown
	Maximum pool size: undefined/unknown
2025-07-31T20:46:10.501-05:00  INFO 12272 --- [camunda-bpm-consultant-demo] [restartedMain] o.h.e.t.j.p.i.JtaPlatformInitiator       : HHH000489: No JTA platform available (set 'hibernate.transaction.jta.platform' to enable JTA platform integration)
2025-07-31T20:46:10.582-05:00  INFO 12272 --- [camunda-bpm-consultant-demo] [restartedMain] j.LocalContainerEntityManagerFactoryBean : Initialized JPA EntityManagerFactory for persistence unit 'default'
2025-07-31T20:46:10.936-05:00  INFO 12272 --- [camunda-bpm-consultant-demo] [restartedMain] o.s.d.j.r.query.QueryEnhancerFactory     : Hibernate is in classpath; If applicable, HQL parser will be used.
2025-07-31T20:46:11.882-05:00  INFO 12272 --- [camunda-bpm-consultant-demo] [restartedMain] org.camunda.bpm.spring.boot              : STARTER-SB040 Setting up jobExecutor with corePoolSize=3, maxPoolSize:10
2025-07-31T20:46:11.969-05:00  INFO 12272 --- [camunda-bpm-consultant-demo] [restartedMain] org.camunda.bpm.engine.cfg               : ENGINE-12003 Plugin 'CompositeProcessEnginePlugin[genericPropertiesConfiguration, camundaProcessEngineConfiguration, camundaDatasourceConfiguration, camundaJobConfiguration, camundaHistoryConfiguration, camundaMetricsConfiguration, camundaAuthorizationConfiguration, createAdminUserConfiguration, failedJobConfiguration, CreateFilterConfiguration[filterName=All tasks], disableDeploymentResourcePattern, eventPublisherPlugin, ApplicationContextClassloaderSwitchPlugin]' activated on process engine 'default'
2025-07-31T20:46:11.970-05:00  WARN 12272 --- [camunda-bpm-consultant-demo] [restartedMain] .s.c.i.DefaultProcessEngineConfiguration : Ignoring invalid processEngineName='purchase-request-engine' - must not be null, blank or contain hyphen
2025-07-31T20:46:11.973-05:00  INFO 12272 --- [camunda-bpm-consultant-demo] [restartedMain] org.camunda.bpm.spring.boot              : STARTER-SB020 ProcessApplication enabled: autoDeployment via springConfiguration#deploymentResourcePattern is disabled
2025-07-31T20:46:11.974-05:00  INFO 12272 --- [camunda-bpm-consultant-demo] [restartedMain] o.c.b.s.b.s.event.EventPublisherPlugin   : EVENTING-001: Initialized Camunda Spring Boot Eventing Engine Plugin.
2025-07-31T20:46:11.974-05:00  INFO 12272 --- [camunda-bpm-consultant-demo] [restartedMain] o.c.b.s.b.s.event.EventPublisherPlugin   : EVENTING-003: Task events will be published as Spring Events.
2025-07-31T20:46:11.975-05:00  INFO 12272 --- [camunda-bpm-consultant-demo] [restartedMain] o.c.b.s.b.s.event.EventPublisherPlugin   : EVENTING-005: Execution events will be published as Spring Events.
2025-07-31T20:46:11.976-05:00  INFO 12272 --- [camunda-bpm-consultant-demo] [restartedMain] o.c.b.s.b.s.event.EventPublisherPlugin   : EVENTING-009: Listeners will not be invoked if a skipCustomListeners API parameter is set to true by user.
2025-07-31T20:46:11.984-05:00  INFO 12272 --- [camunda-bpm-consultant-demo] [restartedMain] o.c.b.s.b.s.event.EventPublisherPlugin   : EVENTING-007: History events will be published as Spring events.
2025-07-31T20:46:14.675-05:00  INFO 12272 --- [camunda-bpm-consultant-demo] [restartedMain] org.camunda.bpm.engine                   : ENGINE-00001 Process Engine default created.
2025-07-31T20:46:14.731-05:00  INFO 12272 --- [camunda-bpm-consultant-demo] [restartedMain] org.camunda.bpm.spring.boot              : STARTER-SB016 Skip initial filter creation, the filter with this name already exists: All tasks
2025-07-31T20:46:14.864-05:00  WARN 12272 --- [camunda-bpm-consultant-demo] [restartedMain] JpaBaseConfiguration$JpaWebConfiguration : spring.jpa.open-in-view is enabled by default. Therefore, database queries may be performed during view rendering. Explicitly configure spring.jpa.open-in-view to disable this warning
2025-07-31T20:46:15.473-05:00  WARN 12272 --- [camunda-bpm-consultant-demo] [restartedMain] ion$DefaultTemplateResolverConfiguration : Cannot find template location: classpath:/templates/ (please add some templates, check your Thymeleaf configuration, or set spring.thymeleaf.check-template-location=false)
2025-07-31T20:46:15.642-05:00  INFO 12272 --- [camunda-bpm-consultant-demo] [restartedMain] o.c.b.s.b.s.w.f.LazyInitRegistration     : lazy initialized org.camunda.bpm.spring.boot.starter.webapp.filter.LazySecurityFilter@23066b65
2025-07-31T20:46:15.643-05:00  INFO 12272 --- [camunda-bpm-consultant-demo] [restartedMain] o.c.b.s.b.s.w.f.LazyInitRegistration     : lazy initialized org.camunda.bpm.spring.boot.starter.webapp.filter.LazyProcessEnginesFilter@3f5dfc1
2025-07-31T20:46:16.382-05:00  INFO 12272 --- [camunda-bpm-consultant-demo] [restartedMain] o.s.b.a.h2.H2ConsoleAutoConfiguration    : H2 console available at '/h2-console'. Database available at 'jdbc:h2:file:./data/bpm-consultant-db'
2025-07-31T20:46:16.621-05:00  INFO 12272 --- [camunda-bpm-consultant-demo] [restartedMain] o.s.b.d.a.OptionalLiveReloadServer       : LiveReload server is running on port 35729
2025-07-31T20:46:16.791-05:00  INFO 12272 --- [camunda-bpm-consultant-demo] [restartedMain] o.s.b.a.e.web.EndpointLinksResolver      : Exposing 5 endpoints beneath base path '/actuator'
2025-07-31T20:46:16.936-05:00  INFO 12272 --- [camunda-bpm-consultant-demo] [RMI TCP Connection(2)-127.0.0.1] o.a.c.c.C.[Tomcat].[localhost].[/]       : Initializing Spring DispatcherServlet 'dispatcherServlet'
2025-07-31T20:46:16.939-05:00  INFO 12272 --- [camunda-bpm-consultant-demo] [RMI TCP Connection(2)-127.0.0.1] o.s.web.servlet.DispatcherServlet        : Initializing Servlet 'dispatcherServlet'
2025-07-31T20:46:16.942-05:00  INFO 12272 --- [camunda-bpm-consultant-demo] [RMI TCP Connection(2)-127.0.0.1] o.s.web.servlet.DispatcherServlet        : Completed initialization in 2 ms
2025-07-31T20:46:17.208-05:00  INFO 12272 --- [camunda-bpm-consultant-demo] [restartedMain] o.s.b.w.embedded.tomcat.TomcatWebServer  : Tomcat started on port 8080 (http) with context path '/'
2025-07-31T20:46:17.426-05:00  INFO 12272 --- [camunda-bpm-consultant-demo] [restartedMain] org.camunda.bpm.container                : ENGINE-08026 No processes.xml file found in process application 'pruebatecnicaApplication'
2025-07-31T20:46:17.584-05:00  INFO 12272 --- [camunda-bpm-consultant-demo] [restartedMain] org.camunda.bpm.container                : ENGINE-08050 Process application pruebatecnicaApplication successfully deployed
2025-07-31T20:46:17.653-05:00  INFO 12272 --- [camunda-bpm-consultant-demo] [restartedMain] c.s.p.t.s.e.p.PruebatecnicaApplication   : Started PruebatecnicaApplication in 12.96 seconds (process running for 14.03)
2025-07-31T20:46:17.762-05:00  INFO 12272 --- [camunda-bpm-consultant-demo] [restartedMain] org.camunda.bpm.engine.jobexecutor       : ENGINE-14014 Starting up the JobExecutor[org.camunda.bpm.engine.spring.components.jobexecutor.SpringJobExecutor].
2025-07-31T20:46:17.768-05:00  INFO 12272 --- [camunda-bpm-consultant-demo] [restartedMain] c.s.p.t.s.e.p.PruebatecnicaApplication   : 🎯 Aplicación iniciada exitosamente!
2025-07-31T20:46:17.806-05:00  INFO 12272 --- [camunda-bpm-consultant-demo] [restartedMain] c.s.p.t.s.e.p.PruebatecnicaApplication   : 📊 Dashboard disponible en: http://localhost:8080
2025-07-31T20:46:17.809-05:00  INFO 12272 --- [camunda-bpm-consultant-demo] [JobExecutor[org.camunda.bpm.engine.spring.components.jobexecutor.SpringJobExecutor]] org.camunda.bpm.engine.jobexecutor       : ENGINE-14018 JobExecutor[org.camunda.bpm.engine.spring.components.jobexecutor.SpringJobExecutor] starting to acquire jobs
2025-07-31T20:46:17.809-05:00  INFO 12272 --- [camunda-bpm-consultant-demo] [restartedMain] c.s.p.t.s.e.p.PruebatecnicaApplication   : 🔧 Camunda Cockpit en: http://localhost:8080/camunda
2025-07-31T20:46:17.825-05:00  INFO 12272 --- [camunda-bpm-consultant-demo] [restartedMain] c.s.p.t.s.e.p.PruebatecnicaApplication   : 📝 Tasklist en: http://localhost:8080/camunda/app/tasklist
2025-07-31T20:46:17.826-05:00  INFO 12272 --- [camunda-bpm-consultant-demo] [restartedMain] c.s.p.t.s.e.p.PruebatecnicaApplication   : 🗄️ H2 Console en: http://localhost:8080/h2-console
2025-07-31T20:46:17.828-05:00  INFO 12272 --- [camunda-bpm-consultant-demo] [restartedMain] c.s.p.t.s.e.p.PruebatecnicaApplication   : 👤 Usuario admin: admin / admin
2025-07-31T20:47:14.929-05:00  INFO 12272 --- [camunda-bpm-consultant-demo] [http-nio-8080-exec-1] org.camunda.bpm.engine.identity          : ENGINE-27001 The user with id 'admin' is locked. The lock will expire at Thu Jul 31 20:48:14 ECT 2025
2025-07-31T20:47:46.878-05:00  INFO 12272 --- [camunda-bpm-consultant-demo] [SpringApplicationShutdownHook] org.camunda.bpm.container                : ENGINE-08051 Process application pruebatecnicaApplication undeployed
2025-07-31T20:47:46.881-05:00  INFO 12272 --- [camunda-bpm-consultant-demo] [SpringApplicationShutdownHook] o.s.b.w.e.tomcat.GracefulShutdown        : Commencing graceful shutdown. Waiting for active requests to complete
2025-07-31T20:47:46.893-05:00  INFO 12272 --- [camunda-bpm-consultant-demo] [tomcat-shutdown] o.s.b.w.e.tomcat.GracefulShutdown        : Graceful shutdown complete
2025-07-31T20:47:46.912-05:00  INFO 12272 --- [camunda-bpm-consultant-demo] [SpringApplicationShutdownHook] org.camunda.bpm.engine.jobexecutor       : ENGINE-14015 Shutting down the JobExecutor[org.camunda.bpm.engine.spring.components.jobexecutor.SpringJobExecutor]
2025-07-31T20:47:46.913-05:00  INFO 12272 --- [camunda-bpm-consultant-demo] [JobExecutor[org.camunda.bpm.engine.spring.components.jobexecutor.SpringJobExecutor]] org.camunda.bpm.engine.jobexecutor       : ENGINE-14020 JobExecutor[org.camunda.bpm.engine.spring.components.jobexecutor.SpringJobExecutor] stopped job acquisition
2025-07-31T20:47:46.916-05:00  INFO 12272 --- [camunda-bpm-consultant-demo] [SpringApplicationShutdownHook] org.camunda.bpm.engine                   : ENGINE-00007 Process Engine default closed
2025-07-31T20:47:46.918-05:00  INFO 12272 --- [camunda-bpm-consultant-demo] [SpringApplicationShutdownHook] j.LocalContainerEntityManagerFactoryBean : Closing JPA EntityManagerFactory for persistence unit 'default'
2025-07-31T20:47:46.923-05:00  INFO 12272 --- [camunda-bpm-consultant-demo] [SpringApplicationShutdownHook] com.zaxxer.hikari.HikariDataSource       : HikariPool-1 - Shutdown initiated...
2025-07-31T20:47:46.926-05:00  INFO 12272 --- [camunda-bpm-consultant-demo] [SpringApplicationShutdownHook] com.zaxxer.hikari.HikariDataSource       : HikariPool-1 - Shutdown completed.
